45298:C 12 Jan 2022 17:15:18.286 # oO0OoO0OoO0Oo Redis is starting oO0OoO0OoO0Oo
45298:C 12 Jan 2022 17:15:18.286 # Redis version=6.2.6, bits=64, commit=00000000, modified=0, pid=45298, just started
45298:C 12 Jan 2022 17:15:18.286 # Warning: no config file specified, using the default config. In order to specify a config file use ../redis/redis-6.2.6/src/redis-server /path/to/redis.conf
45298:M 12 Jan 2022 17:15:18.288 * monotonic clock: POSIX clock_gettime
45298:M 12 Jan 2022 17:15:18.288 # Warning: Could not create server TCP listening socket *:6379: bind: Address already in use
45298:M 12 Jan 2022 17:15:18.288 # Failed listening on port 6379 (TCP), aborting.
50782:C 12 Jan 2022 17:27:00.585 # oO0OoO0OoO0Oo Redis is starting oO0OoO0OoO0Oo
50782:C 12 Jan 2022 17:27:00.585 # Redis version=6.2.6, bits=64, commit=00000000, modified=0, pid=50782, just started
50782:C 12 Jan 2022 17:27:00.585 # Warning: no config file specified, using the default config. In order to specify a config file use ../redis/redis-6.2.6/src/redis-server /path/to/redis.conf
50782:M 12 Jan 2022 17:27:00.586 * monotonic clock: POSIX clock_gettime
50782:M 12 Jan 2022 17:27:00.587 # Warning: Could not create server TCP listening socket *:6379: bind: Address already in use
50782:M 12 Jan 2022 17:27:00.587 # Failed listening on port 6379 (TCP), aborting.
51421:C 12 Jan 2022 17:28:04.170 # oO0OoO0OoO0Oo Redis is starting oO0OoO0OoO0Oo
51421:C 12 Jan 2022 17:28:04.170 # Redis version=6.2.6, bits=64, commit=00000000, modified=0, pid=51421, just started
51421:C 12 Jan 2022 17:28:04.170 # Warning: no config file specified, using the default config. In order to specify a config file use ../redis/redis-6.2.6/src/redis-server /path/to/redis.conf
51421:M 12 Jan 2022 17:28:04.171 * monotonic clock: POSIX clock_gettime
51421:M 12 Jan 2022 17:28:04.171 # Warning: Could not create server TCP listening socket *:6379: bind: Address already in use
51421:M 12 Jan 2022 17:28:04.171 # Failed listening on port 6379 (TCP), aborting.
51814:C 12 Jan 2022 17:28:44.264 # oO0OoO0OoO0Oo Redis is starting oO0OoO0OoO0Oo
51814:C 12 Jan 2022 17:28:44.264 # Redis version=6.2.6, bits=64, commit=00000000, modified=0, pid=51814, just started
51814:C 12 Jan 2022 17:28:44.264 # Warning: no config file specified, using the default config. In order to specify a config file use ../redis/redis-6.2.6/src/redis-server /path/to/redis.conf
51814:M 12 Jan 2022 17:28:44.265 * monotonic clock: POSIX clock_gettime
51814:M 12 Jan 2022 17:28:44.265 # Warning: Could not create server TCP listening socket *:6379: bind: Address already in use
51814:M 12 Jan 2022 17:28:44.265 # Failed listening on port 6379 (TCP), aborting.
52498:C 12 Jan 2022 17:29:52.912 # oO0OoO0OoO0Oo Redis is starting oO0OoO0OoO0Oo
52498:C 12 Jan 2022 17:29:52.912 # Redis version=6.2.6, bits=64, commit=00000000, modified=0, pid=52498, just started
52498:C 12 Jan 2022 17:29:52.912 # Warning: no config file specified, using the default config. In order to specify a config file use ../redis/redis-6.2.6/src/redis-server /path/to/redis.conf
52498:M 12 Jan 2022 17:29:52.913 * monotonic clock: POSIX clock_gettime
52498:M 12 Jan 2022 17:29:52.913 # Warning: Could not create server TCP listening socket *:6379: bind: Address already in use
52498:M 12 Jan 2022 17:29:52.913 # Failed listening on port 6379 (TCP), aborting.
57005:C 12 Jan 2022 17:38:33.781 # oO0OoO0OoO0Oo Redis is starting oO0OoO0OoO0Oo
57005:C 12 Jan 2022 17:38:33.781 # Redis version=6.2.6, bits=64, commit=00000000, modified=0, pid=57005, just started
57005:C 12 Jan 2022 17:38:33.781 # Warning: no config file specified, using the default config. In order to specify a config file use ../redis/redis-6.2.6/src/redis-server /path/to/redis.conf
57005:M 12 Jan 2022 17:38:33.782 * monotonic clock: POSIX clock_gettime
57005:M 12 Jan 2022 17:38:33.783 # Warning: Could not create server TCP listening socket *:6379: bind: Address already in use
57005:M 12 Jan 2022 17:38:33.783 # Failed listening on port 6379 (TCP), aborting.
57113:C 12 Jan 2022 17:38:43.459 # oO0OoO0OoO0Oo Redis is starting oO0OoO0OoO0Oo
57113:C 12 Jan 2022 17:38:43.459 # Redis version=6.2.6, bits=64, commit=00000000, modified=0, pid=57113, just started
57113:C 12 Jan 2022 17:38:43.459 # Warning: no config file specified, using the default config. In order to specify a config file use ../redis/redis-6.2.6/src/redis-server /path/to/redis.conf
57113:M 12 Jan 2022 17:38:43.460 * monotonic clock: POSIX clock_gettime
57113:M 12 Jan 2022 17:38:43.460 # Warning: Could not create server TCP listening socket *:6379: bind: Address already in use
57113:M 12 Jan 2022 17:38:43.460 # Failed listening on port 6379 (TCP), aborting.
65043:C 12 Jan 2022 17:49:18.867 # oO0OoO0OoO0Oo Redis is starting oO0OoO0OoO0Oo
65043:C 12 Jan 2022 17:49:18.867 # Redis version=6.2.6, bits=64, commit=00000000, modified=0, pid=65043, just started
65043:C 12 Jan 2022 17:49:18.867 # Warning: no config file specified, using the default config. In order to specify a config file use ../redis/redis-6.2.6/src/redis-server /path/to/redis.conf
65043:M 12 Jan 2022 17:49:18.867 * monotonic clock: POSIX clock_gettime
65043:M 12 Jan 2022 17:49:18.868 # Warning: Could not create server TCP listening socket *:6379: bind: Address already in use
65043:M 12 Jan 2022 17:49:18.868 # Failed listening on port 6379 (TCP), aborting.
66725:C 12 Jan 2022 17:52:35.241 # oO0OoO0OoO0Oo Redis is starting oO0OoO0OoO0Oo
66725:C 12 Jan 2022 17:52:35.241 # Redis version=6.2.6, bits=64, commit=00000000, modified=0, pid=66725, just started
66725:C 12 Jan 2022 17:52:35.241 # Warning: no config file specified, using the default config. In order to specify a config file use ../redis/redis-6.2.6/src/redis-server /path/to/redis.conf
66725:M 12 Jan 2022 17:52:35.242 * monotonic clock: POSIX clock_gettime
66725:M 12 Jan 2022 17:52:35.242 # Warning: Could not create server TCP listening socket *:6379: bind: Address already in use
66725:M 12 Jan 2022 17:52:35.242 # Failed listening on port 6379 (TCP), aborting.
48589:C 13 Jan 2022 09:52:30.835 # oO0OoO0OoO0Oo Redis is starting oO0OoO0OoO0Oo
48589:C 13 Jan 2022 09:52:30.835 # Redis version=6.2.6, bits=64, commit=00000000, modified=0, pid=48589, just started
48589:C 13 Jan 2022 09:52:30.835 # Warning: no config file specified, using the default config. In order to specify a config file use ../redis/redis-6.2.6/src/redis-server /path/to/redis.conf
48589:M 13 Jan 2022 09:52:30.836 * monotonic clock: POSIX clock_gettime
48589:M 13 Jan 2022 09:52:30.836 # Warning: Could not create server TCP listening socket *:6379: bind: Address already in use
48589:M 13 Jan 2022 09:52:30.836 # Failed listening on port 6379 (TCP), aborting.
53310:C 13 Jan 2022 09:59:33.997 # oO0OoO0OoO0Oo Redis is starting oO0OoO0OoO0Oo
53310:C 13 Jan 2022 09:59:33.997 # Redis version=6.2.6, bits=64, commit=00000000, modified=0, pid=53310, just started
53310:C 13 Jan 2022 09:59:33.997 # Warning: no config file specified, using the default config. In order to specify a config file use ../redis/redis-6.2.6/src/redis-server /path/to/redis.conf
53310:M 13 Jan 2022 09:59:33.998 * monotonic clock: POSIX clock_gettime
53310:M 13 Jan 2022 09:59:33.998 # Warning: Could not create server TCP listening socket *:6379: bind: Address already in use
53310:M 13 Jan 2022 09:59:33.998 # Failed listening on port 6379 (TCP), aborting.
58220:C 13 Jan 2022 10:08:43.736 # oO0OoO0OoO0Oo Redis is starting oO0OoO0OoO0Oo
58220:C 13 Jan 2022 10:08:43.736 # Redis version=6.2.6, bits=64, commit=00000000, modified=0, pid=58220, just started
58220:C 13 Jan 2022 10:08:43.736 # Warning: no config file specified, using the default config. In order to specify a config file use ../redis/redis-6.2.6/src/redis-server /path/to/redis.conf
58220:M 13 Jan 2022 10:08:43.737 * monotonic clock: POSIX clock_gettime
58220:M 13 Jan 2022 10:08:43.737 # Warning: Could not create server TCP listening socket *:6379: bind: Address already in use
58220:M 13 Jan 2022 10:08:43.737 # Failed listening on port 6379 (TCP), aborting.
60399:C 13 Jan 2022 10:11:27.904 # oO0OoO0OoO0Oo Redis is starting oO0OoO0OoO0Oo
60399:C 13 Jan 2022 10:11:27.904 # Redis version=6.2.6, bits=64, commit=00000000, modified=0, pid=60399, just started
60399:C 13 Jan 2022 10:11:27.904 # Warning: no config file specified, using the default config. In order to specify a config file use ../redis/redis-6.2.6/src/redis-server /path/to/redis.conf
60399:M 13 Jan 2022 10:11:27.905 * monotonic clock: POSIX clock_gettime
60399:M 13 Jan 2022 10:11:27.905 # Warning: Could not create server TCP listening socket *:6379: bind: Address already in use
60399:M 13 Jan 2022 10:11:27.905 # Failed listening on port 6379 (TCP), aborting.
63290:C 13 Jan 2022 10:17:26.353 # oO0OoO0OoO0Oo Redis is starting oO0OoO0OoO0Oo
63290:C 13 Jan 2022 10:17:26.353 # Redis version=6.2.6, bits=64, commit=00000000, modified=0, pid=63290, just started
63290:C 13 Jan 2022 10:17:26.353 # Warning: no config file specified, using the default config. In order to specify a config file use ../redis/redis-6.2.6/src/redis-server /path/to/redis.conf
63290:M 13 Jan 2022 10:17:26.354 * monotonic clock: POSIX clock_gettime
63290:M 13 Jan 2022 10:17:26.354 # Warning: Could not create server TCP listening socket *:6379: bind: Address already in use
63290:M 13 Jan 2022 10:17:26.354 # Failed listening on port 6379 (TCP), aborting.
63665:C 13 Jan 2022 10:17:48.426 # oO0OoO0OoO0Oo Redis is starting oO0OoO0OoO0Oo
63665:C 13 Jan 2022 10:17:48.427 # Redis version=6.2.6, bits=64, commit=00000000, modified=0, pid=63665, just started
63665:C 13 Jan 2022 10:17:48.427 # Warning: no config file specified, using the default config. In order to specify a config file use ../redis/redis-6.2.6/src/redis-server /path/to/redis.conf
63665:M 13 Jan 2022 10:17:48.427 * monotonic clock: POSIX clock_gettime
63665:M 13 Jan 2022 10:17:48.427 # Warning: Could not create server TCP listening socket *:6379: bind: Address already in use
63665:M 13 Jan 2022 10:17:48.427 # Failed listening on port 6379 (TCP), aborting.
67568:C 13 Jan 2022 10:24:28.156 # oO0OoO0OoO0Oo Redis is starting oO0OoO0OoO0Oo
67568:C 13 Jan 2022 10:24:28.156 # Redis version=6.2.6, bits=64, commit=00000000, modified=0, pid=67568, just started
67568:C 13 Jan 2022 10:24:28.156 # Warning: no config file specified, using the default config. In order to specify a config file use ../redis/redis-6.2.6/src/redis-server /path/to/redis.conf
67568:M 13 Jan 2022 10:24:28.157 * monotonic clock: POSIX clock_gettime
67568:M 13 Jan 2022 10:24:28.157 # Warning: Could not create server TCP listening socket *:6379: bind: Address already in use
67568:M 13 Jan 2022 10:24:28.157 # Failed listening on port 6379 (TCP), aborting.
72788:C 13 Jan 2022 10:34:07.641 # oO0OoO0OoO0Oo Redis is starting oO0OoO0OoO0Oo
72788:C 13 Jan 2022 10:34:07.641 # Redis version=6.2.6, bits=64, commit=00000000, modified=0, pid=72788, just started
72788:C 13 Jan 2022 10:34:07.641 # Warning: no config file specified, using the default config. In order to specify a config file use ../redis/redis-6.2.6/src/redis-server /path/to/redis.conf
72788:M 13 Jan 2022 10:34:07.642 * monotonic clock: POSIX clock_gettime
72788:M 13 Jan 2022 10:34:07.643 # Warning: Could not create server TCP listening socket *:6379: bind: Address already in use
72788:M 13 Jan 2022 10:34:07.643 # Failed listening on port 6379 (TCP), aborting.
74586:C 13 Jan 2022 10:37:13.174 # oO0OoO0OoO0Oo Redis is starting oO0OoO0OoO0Oo
74586:C 13 Jan 2022 10:37:13.174 # Redis version=6.2.6, bits=64, commit=00000000, modified=0, pid=74586, just started
74586:C 13 Jan 2022 10:37:13.174 # Warning: no config file specified, using the default config. In order to specify a config file use ../redis/redis-6.2.6/src/redis-server /path/to/redis.conf
74586:M 13 Jan 2022 10:37:13.176 * monotonic clock: POSIX clock_gettime
74586:M 13 Jan 2022 10:37:13.176 # Warning: Could not create server TCP listening socket *:6379: bind: Address already in use
74586:M 13 Jan 2022 10:37:13.176 # Failed listening on port 6379 (TCP), aborting.
74589:C 13 Jan 2022 10:37:13.219 # oO0OoO0OoO0Oo Redis is starting oO0OoO0OoO0Oo
74589:C 13 Jan 2022 10:37:13.219 # Redis version=6.2.6, bits=64, commit=00000000, modified=0, pid=74589, just started
74589:C 13 Jan 2022 10:37:13.219 # Warning: no config file specified, using the default config. In order to specify a config file use ../redis/redis-6.2.6/src/redis-server /path/to/redis.conf
74589:M 13 Jan 2022 10:37:13.220 * monotonic clock: POSIX clock_gettime
74589:M 13 Jan 2022 10:37:13.220 # Warning: Could not create server TCP listening socket *:6379: bind: Address already in use
74589:M 13 Jan 2022 10:37:13.220 # Failed listening on port 6379 (TCP), aborting.
74591:C 13 Jan 2022 10:37:13.285 # oO0OoO0OoO0Oo Redis is starting oO0OoO0OoO0Oo
74591:C 13 Jan 2022 10:37:13.285 # Redis version=6.2.6, bits=64, commit=00000000, modified=0, pid=74591, just started
74591:C 13 Jan 2022 10:37:13.285 # Warning: no config file specified, using the default config. In order to specify a config file use ../redis/redis-6.2.6/src/redis-server /path/to/redis.conf
74591:M 13 Jan 2022 10:37:13.286 * monotonic clock: POSIX clock_gettime
74591:M 13 Jan 2022 10:37:13.286 # Warning: Could not create server TCP listening socket *:6379: bind: Address already in use
74591:M 13 Jan 2022 10:37:13.286 # Failed listening on port 6379 (TCP), aborting.
74593:C 13 Jan 2022 10:37:13.341 # oO0OoO0OoO0Oo Redis is starting oO0OoO0OoO0Oo
74593:C 13 Jan 2022 10:37:13.341 # Redis version=6.2.6, bits=64, commit=00000000, modified=0, pid=74593, just started
74593:C 13 Jan 2022 10:37:13.341 # Warning: no config file specified, using the default config. In order to specify a config file use ../redis/redis-6.2.6/src/redis-server /path/to/redis.conf
74593:M 13 Jan 2022 10:37:13.342 * monotonic clock: POSIX clock_gettime
74593:M 13 Jan 2022 10:37:13.342 # Warning: Could not create server TCP listening socket *:6379: bind: Address already in use
74593:M 13 Jan 2022 10:37:13.342 # Failed listening on port 6379 (TCP), aborting.
75549:C 13 Jan 2022 10:41:54.284 # oO0OoO0OoO0Oo Redis is starting oO0OoO0OoO0Oo
75549:C 13 Jan 2022 10:41:54.284 # Redis version=6.2.6, bits=64, commit=00000000, modified=0, pid=75549, just started
75549:C 13 Jan 2022 10:41:54.284 # Warning: no config file specified, using the default config. In order to specify a config file use ../redis/redis-6.2.6/src/redis-server /path/to/redis.conf
75549:M 13 Jan 2022 10:41:54.285 * monotonic clock: POSIX clock_gettime
75549:M 13 Jan 2022 10:41:54.285 # Warning: Could not create server TCP listening socket *:6379: bind: Address already in use
75549:M 13 Jan 2022 10:41:54.285 # Failed listening on port 6379 (TCP), aborting.
75552:C 13 Jan 2022 10:41:54.321 # oO0OoO0OoO0Oo Redis is starting oO0OoO0OoO0Oo
75552:C 13 Jan 2022 10:41:54.321 # Redis version=6.2.6, bits=64, commit=00000000, modified=0, pid=75552, just started
75552:C 13 Jan 2022 10:41:54.321 # Warning: no config file specified, using the default config. In order to specify a config file use ../redis/redis-6.2.6/src/redis-server /path/to/redis.conf
75552:M 13 Jan 2022 10:41:54.322 * monotonic clock: POSIX clock_gettime
75552:M 13 Jan 2022 10:41:54.323 # Warning: Could not create server TCP listening socket *:6379: bind: Address already in use
75552:M 13 Jan 2022 10:41:54.323 # Failed listening on port 6379 (TCP), aborting.
75554:C 13 Jan 2022 10:41:54.411 # oO0OoO0OoO0Oo Redis is starting oO0OoO0OoO0Oo
75554:C 13 Jan 2022 10:41:54.411 # Redis version=6.2.6, bits=64, commit=00000000, modified=0, pid=75554, just started
75554:C 13 Jan 2022 10:41:54.411 # Warning: no config file specified, using the default config. In order to specify a config file use ../redis/redis-6.2.6/src/redis-server /path/to/redis.conf
75554:M 13 Jan 2022 10:41:54.412 * monotonic clock: POSIX clock_gettime
75554:M 13 Jan 2022 10:41:54.412 # Warning: Could not create server TCP listening socket *:6379: bind: Address already in use
75554:M 13 Jan 2022 10:41:54.412 # Failed listening on port 6379 (TCP), aborting.
75556:C 13 Jan 2022 10:41:54.496 # oO0OoO0OoO0Oo Redis is starting oO0OoO0OoO0Oo
75556:C 13 Jan 2022 10:41:54.496 # Redis version=6.2.6, bits=64, commit=00000000, modified=0, pid=75556, just started
75556:C 13 Jan 2022 10:41:54.496 # Warning: no config file specified, using the default config. In order to specify a config file use ../redis/redis-6.2.6/src/redis-server /path/to/redis.conf
75556:M 13 Jan 2022 10:41:54.497 * monotonic clock: POSIX clock_gettime
75556:M 13 Jan 2022 10:41:54.497 # Warning: Could not create server TCP listening socket *:6379: bind: Address already in use
75556:M 13 Jan 2022 10:41:54.497 # Failed listening on port 6379 (TCP), aborting.
76562:C 13 Jan 2022 10:49:35.171 # oO0OoO0OoO0Oo Redis is starting oO0OoO0OoO0Oo
76562:C 13 Jan 2022 10:49:35.171 # Redis version=6.2.6, bits=64, commit=00000000, modified=0, pid=76562, just started
76562:C 13 Jan 2022 10:49:35.171 # Warning: no config file specified, using the default config. In order to specify a config file use ../redis/redis-6.2.6/src/redis-server /path/to/redis.conf
76562:M 13 Jan 2022 10:49:35.172 * monotonic clock: POSIX clock_gettime
76562:M 13 Jan 2022 10:49:35.172 # Warning: Could not create server TCP listening socket *:6379: bind: Address already in use
76562:M 13 Jan 2022 10:49:35.172 # Failed listening on port 6379 (TCP), aborting.
76564:C 13 Jan 2022 10:49:35.242 # oO0OoO0OoO0Oo Redis is starting oO0OoO0OoO0Oo
76564:C 13 Jan 2022 10:49:35.242 # Redis version=6.2.6, bits=64, commit=00000000, modified=0, pid=76564, just started
76564:C 13 Jan 2022 10:49:35.242 # Warning: no config file specified, using the default config. In order to specify a config file use ../redis/redis-6.2.6/src/redis-server /path/to/redis.conf
76564:M 13 Jan 2022 10:49:35.243 * monotonic clock: POSIX clock_gettime
76564:M 13 Jan 2022 10:49:35.244 # Warning: Could not create server TCP listening socket *:6379: bind: Address already in use
76564:M 13 Jan 2022 10:49:35.244 # Failed listening on port 6379 (TCP), aborting.
76566:C 13 Jan 2022 10:49:35.281 # oO0OoO0OoO0Oo Redis is starting oO0OoO0OoO0Oo
76566:C 13 Jan 2022 10:49:35.281 # Redis version=6.2.6, bits=64, commit=00000000, modified=0, pid=76566, just started
76566:C 13 Jan 2022 10:49:35.281 # Warning: no config file specified, using the default config. In order to specify a config file use ../redis/redis-6.2.6/src/redis-server /path/to/redis.conf
76566:M 13 Jan 2022 10:49:35.282 * monotonic clock: POSIX clock_gettime
76566:M 13 Jan 2022 10:49:35.282 # Warning: Could not create server TCP listening socket *:6379: bind: Address already in use
76566:M 13 Jan 2022 10:49:35.282 # Failed listening on port 6379 (TCP), aborting.
76568:C 13 Jan 2022 10:49:35.298 # oO0OoO0OoO0Oo Redis is starting oO0OoO0OoO0Oo
76568:C 13 Jan 2022 10:49:35.298 # Redis version=6.2.6, bits=64, commit=00000000, modified=0, pid=76568, just started
76568:C 13 Jan 2022 10:49:35.298 # Warning: no config file specified, using the default config. In order to specify a config file use ../redis/redis-6.2.6/src/redis-server /path/to/redis.conf
76568:M 13 Jan 2022 10:49:35.299 * monotonic clock: POSIX clock_gettime
76568:M 13 Jan 2022 10:49:35.299 # Warning: Could not create server TCP listening socket *:6379: bind: Address already in use
76568:M 13 Jan 2022 10:49:35.299 # Failed listening on port 6379 (TCP), aborting.
77108:C 13 Jan 2022 10:51:28.315 # oO0OoO0OoO0Oo Redis is starting oO0OoO0OoO0Oo
77108:C 13 Jan 2022 10:51:28.315 # Redis version=6.2.6, bits=64, commit=00000000, modified=0, pid=77108, just started
77108:C 13 Jan 2022 10:51:28.315 # Warning: no config file specified, using the default config. In order to specify a config file use ../redis/redis-6.2.6/src/redis-server /path/to/redis.conf
77108:M 13 Jan 2022 10:51:28.316 * monotonic clock: POSIX clock_gettime
77108:M 13 Jan 2022 10:51:28.317 # Warning: Could not create server TCP listening socket *:6379: bind: Address already in use
77108:M 13 Jan 2022 10:51:28.317 # Failed listening on port 6379 (TCP), aborting.
77111:C 13 Jan 2022 10:51:28.327 # oO0OoO0OoO0Oo Redis is starting oO0OoO0OoO0Oo
77111:C 13 Jan 2022 10:51:28.327 # Redis version=6.2.6, bits=64, commit=00000000, modified=0, pid=77111, just started
77111:C 13 Jan 2022 10:51:28.327 # Warning: no config file specified, using the default config. In order to specify a config file use ../redis/redis-6.2.6/src/redis-server /path/to/redis.conf
77111:M 13 Jan 2022 10:51:28.327 * monotonic clock: POSIX clock_gettime
77111:M 13 Jan 2022 10:51:28.328 # Warning: Could not create server TCP listening socket *:6379: bind: Address already in use
77111:M 13 Jan 2022 10:51:28.328 # Failed listening on port 6379 (TCP), aborting.
77114:C 13 Jan 2022 10:51:28.421 # oO0OoO0OoO0Oo Redis is starting oO0OoO0OoO0Oo
77114:C 13 Jan 2022 10:51:28.421 # Redis version=6.2.6, bits=64, commit=00000000, modified=0, pid=77114, just started
77114:C 13 Jan 2022 10:51:28.421 # Warning: no config file specified, using the default config. In order to specify a config file use ../redis/redis-6.2.6/src/redis-server /path/to/redis.conf
77115:C 13 Jan 2022 10:51:28.421 # oO0OoO0OoO0Oo Redis is starting oO0OoO0OoO0Oo
77115:C 13 Jan 2022 10:51:28.421 # Redis version=6.2.6, bits=64, commit=00000000, modified=0, pid=77115, just started
77115:C 13 Jan 2022 10:51:28.421 # Warning: no config file specified, using the default config. In order to specify a config file use ../redis/redis-6.2.6/src/redis-server /path/to/redis.conf
77114:M 13 Jan 2022 10:51:28.422 * monotonic clock: POSIX clock_gettime
77115:M 13 Jan 2022 10:51:28.422 * monotonic clock: POSIX clock_gettime
77114:M 13 Jan 2022 10:51:28.422 # Warning: Could not create server TCP listening socket *:6379: bind: Address already in use
77114:M 13 Jan 2022 10:51:28.422 # Failed listening on port 6379 (TCP), aborting.
77115:M 13 Jan 2022 10:51:28.422 # Warning: Could not create server TCP listening socket *:6379: bind: Address already in use
77115:M 13 Jan 2022 10:51:28.422 # Failed listening on port 6379 (TCP), aborting.
77487:C 13 Jan 2022 10:52:46.250 # oO0OoO0OoO0Oo Redis is starting oO0OoO0OoO0Oo
77487:C 13 Jan 2022 10:52:46.250 # Redis version=6.2.6, bits=64, commit=00000000, modified=0, pid=77487, just started
77487:C 13 Jan 2022 10:52:46.250 # Warning: no config file specified, using the default config. In order to specify a config file use ../redis/redis-6.2.6/src/redis-server /path/to/redis.conf
77487:M 13 Jan 2022 10:52:46.251 * monotonic clock: POSIX clock_gettime
77487:M 13 Jan 2022 10:52:46.251 # Warning: Could not create server TCP listening socket *:6379: bind: Address already in use
77487:M 13 Jan 2022 10:52:46.251 # Failed listening on port 6379 (TCP), aborting.
79908:C 13 Jan 2022 10:57:10.892 # oO0OoO0OoO0Oo Redis is starting oO0OoO0OoO0Oo
79908:C 13 Jan 2022 10:57:10.892 # Redis version=6.2.6, bits=64, commit=00000000, modified=0, pid=79908, just started
79908:C 13 Jan 2022 10:57:10.892 # Warning: no config file specified, using the default config. In order to specify a config file use ../redis/redis-6.2.6/src/redis-server /path/to/redis.conf
79908:M 13 Jan 2022 10:57:10.894 * monotonic clock: POSIX clock_gettime
79908:M 13 Jan 2022 10:57:10.894 # Warning: Could not create server TCP listening socket *:6379: bind: Address already in use
79908:M 13 Jan 2022 10:57:10.894 # Failed listening on port 6379 (TCP), aborting.
80085:C 13 Jan 2022 10:58:14.708 # oO0OoO0OoO0Oo Redis is starting oO0OoO0OoO0Oo
80085:C 13 Jan 2022 10:58:14.708 # Redis version=6.2.6, bits=64, commit=00000000, modified=0, pid=80085, just started
80085:C 13 Jan 2022 10:58:14.708 # Warning: no config file specified, using the default config. In order to specify a config file use ../redis/redis-6.2.6/src/redis-server /path/to/redis.conf
80085:M 13 Jan 2022 10:58:14.709 * monotonic clock: POSIX clock_gettime
80085:M 13 Jan 2022 10:58:14.709 # Warning: Could not create server TCP listening socket *:6379: bind: Address already in use
80085:M 13 Jan 2022 10:58:14.709 # Failed listening on port 6379 (TCP), aborting.
80903:C 13 Jan 2022 11:01:56.700 # oO0OoO0OoO0Oo Redis is starting oO0OoO0OoO0Oo
80903:C 13 Jan 2022 11:01:56.700 # Redis version=6.2.6, bits=64, commit=00000000, modified=0, pid=80903, just started
80903:C 13 Jan 2022 11:01:56.700 # Warning: no config file specified, using the default config. In order to specify a config file use ../redis/redis-6.2.6/src/redis-server /path/to/redis.conf
80903:M 13 Jan 2022 11:01:56.701 * monotonic clock: POSIX clock_gettime
80903:M 13 Jan 2022 11:01:56.701 # Warning: Could not create server TCP listening socket *:6379: bind: Address already in use
80903:M 13 Jan 2022 11:01:56.701 # Failed listening on port 6379 (TCP), aborting.
81757:C 13 Jan 2022 11:08:39.746 # oO0OoO0OoO0Oo Redis is starting oO0OoO0OoO0Oo
81757:C 13 Jan 2022 11:08:39.746 # Redis version=6.2.6, bits=64, commit=00000000, modified=0, pid=81757, just started
81757:C 13 Jan 2022 11:08:39.746 # Warning: no config file specified, using the default config. In order to specify a config file use ../redis/redis-6.2.6/src/redis-server /path/to/redis.conf
81757:M 13 Jan 2022 11:08:39.747 * monotonic clock: POSIX clock_gettime
81757:M 13 Jan 2022 11:08:39.747 # Warning: Could not create server TCP listening socket *:6379: bind: Address already in use
81757:M 13 Jan 2022 11:08:39.747 # Failed listening on port 6379 (TCP), aborting.
82507:C 13 Jan 2022 11:12:36.633 # oO0OoO0OoO0Oo Redis is starting oO0OoO0OoO0Oo
82507:C 13 Jan 2022 11:12:36.633 # Redis version=6.2.6, bits=64, commit=00000000, modified=0, pid=82507, just started
82507:C 13 Jan 2022 11:12:36.633 # Warning: no config file specified, using the default config. In order to specify a config file use ../redis/redis-6.2.6/src/redis-server /path/to/redis.conf
82507:M 13 Jan 2022 11:12:36.633 * monotonic clock: POSIX clock_gettime
82507:M 13 Jan 2022 11:12:36.634 # Warning: Could not create server TCP listening socket *:6379: bind: Address already in use
82507:M 13 Jan 2022 11:12:36.634 # Failed listening on port 6379 (TCP), aborting.
82555:C 13 Jan 2022 11:12:41.948 # oO0OoO0OoO0Oo Redis is starting oO0OoO0OoO0Oo
82555:C 13 Jan 2022 11:12:41.948 # Redis version=6.2.6, bits=64, commit=00000000, modified=0, pid=82555, just started
82555:C 13 Jan 2022 11:12:41.948 # Warning: no config file specified, using the default config. In order to specify a config file use ../redis/redis-6.2.6/src/redis-server /path/to/redis.conf
82555:M 13 Jan 2022 11:12:41.949 * monotonic clock: POSIX clock_gettime
82555:M 13 Jan 2022 11:12:41.950 # Warning: Could not create server TCP listening socket *:6379: bind: Address already in use
82555:M 13 Jan 2022 11:12:41.950 # Failed listening on port 6379 (TCP), aborting.
83230:C 13 Jan 2022 11:15:50.271 # oO0OoO0OoO0Oo Redis is starting oO0OoO0OoO0Oo
83230:C 13 Jan 2022 11:15:50.271 # Redis version=6.2.6, bits=64, commit=00000000, modified=0, pid=83230, just started
83230:C 13 Jan 2022 11:15:50.271 # Warning: no config file specified, using the default config. In order to specify a config file use ../redis/redis-6.2.6/src/redis-server /path/to/redis.conf
83230:M 13 Jan 2022 11:15:50.272 * monotonic clock: POSIX clock_gettime
83230:M 13 Jan 2022 11:15:50.273 # Warning: Could not create server TCP listening socket *:6379: bind: Address already in use
83230:M 13 Jan 2022 11:15:50.273 # Failed listening on port 6379 (TCP), aborting.
83720:C 13 Jan 2022 11:17:23.683 # oO0OoO0OoO0Oo Redis is starting oO0OoO0OoO0Oo
83720:C 13 Jan 2022 11:17:23.683 # Redis version=6.2.6, bits=64, commit=00000000, modified=0, pid=83720, just started
83720:C 13 Jan 2022 11:17:23.683 # Warning: no config file specified, using the default config. In order to specify a config file use ../redis/redis-6.2.6/src/redis-server /path/to/redis.conf
83720:M 13 Jan 2022 11:17:23.684 * monotonic clock: POSIX clock_gettime
83720:M 13 Jan 2022 11:17:23.684 # Warning: Could not create server TCP listening socket *:6379: bind: Address already in use
83720:M 13 Jan 2022 11:17:23.684 # Failed listening on port 6379 (TCP), aborting.
84057:C 13 Jan 2022 11:18:36.762 # oO0OoO0OoO0Oo Redis is starting oO0OoO0OoO0Oo
84057:C 13 Jan 2022 11:18:36.762 # Redis version=6.2.6, bits=64, commit=00000000, modified=0, pid=84057, just started
84057:C 13 Jan 2022 11:18:36.762 # Warning: no config file specified, using the default config. In order to specify a config file use ../redis/redis-6.2.6/src/redis-server /path/to/redis.conf
84057:M 13 Jan 2022 11:18:36.764 * monotonic clock: POSIX clock_gettime
84057:M 13 Jan 2022 11:18:36.764 # Warning: Could not create server TCP listening socket *:6379: bind: Address already in use
84057:M 13 Jan 2022 11:18:36.764 # Failed listening on port 6379 (TCP), aborting.
85310:C 13 Jan 2022 11:27:27.325 # oO0OoO0OoO0Oo Redis is starting oO0OoO0OoO0Oo
85310:C 13 Jan 2022 11:27:27.325 # Redis version=6.2.6, bits=64, commit=00000000, modified=0, pid=85310, just started
85310:C 13 Jan 2022 11:27:27.325 # Warning: no config file specified, using the default config. In order to specify a config file use ../redis/redis-6.2.6/src/redis-server /path/to/redis.conf
85310:M 13 Jan 2022 11:27:27.326 * monotonic clock: POSIX clock_gettime
85310:M 13 Jan 2022 11:27:27.327 # Warning: Could not create server TCP listening socket *:6379: bind: Address already in use
85310:M 13 Jan 2022 11:27:27.327 # Failed listening on port 6379 (TCP), aborting.
85410:C 13 Jan 2022 11:27:53.213 # oO0OoO0OoO0Oo Redis is starting oO0OoO0OoO0Oo
85410:C 13 Jan 2022 11:27:53.213 # Redis version=6.2.6, bits=64, commit=00000000, modified=0, pid=85410, just started
85410:C 13 Jan 2022 11:27:53.213 # Warning: no config file specified, using the default config. In order to specify a config file use ../redis/redis-6.2.6/src/redis-server /path/to/redis.conf
85410:M 13 Jan 2022 11:27:53.214 * monotonic clock: POSIX clock_gettime
85410:M 13 Jan 2022 11:27:53.214 # Warning: Could not create server TCP listening socket *:6379: bind: Address already in use
85410:M 13 Jan 2022 11:27:53.214 # Failed listening on port 6379 (TCP), aborting.
85612:C 13 Jan 2022 11:28:44.577 # oO0OoO0OoO0Oo Redis is starting oO0OoO0OoO0Oo
85612:C 13 Jan 2022 11:28:44.577 # Redis version=6.2.6, bits=64, commit=00000000, modified=0, pid=85612, just started
85612:C 13 Jan 2022 11:28:44.577 # Warning: no config file specified, using the default config. In order to specify a config file use ../redis/redis-6.2.6/src/redis-server /path/to/redis.conf
85612:M 13 Jan 2022 11:28:44.578 * monotonic clock: POSIX clock_gettime
85612:M 13 Jan 2022 11:28:44.578 # Warning: Could not create server TCP listening socket *:6379: bind: Address already in use
85612:M 13 Jan 2022 11:28:44.578 # Failed listening on port 6379 (TCP), aborting.
85653:C 13 Jan 2022 11:28:49.491 # oO0OoO0OoO0Oo Redis is starting oO0OoO0OoO0Oo
85653:C 13 Jan 2022 11:28:49.491 # Redis version=6.2.6, bits=64, commit=00000000, modified=0, pid=85653, just started
85653:C 13 Jan 2022 11:28:49.491 # Warning: no config file specified, using the default config. In order to specify a config file use ../redis/redis-6.2.6/src/redis-server /path/to/redis.conf
85653:M 13 Jan 2022 11:28:49.492 * monotonic clock: POSIX clock_gettime
85653:M 13 Jan 2022 11:28:49.492 # Warning: Could not create server TCP listening socket *:6379: bind: Address already in use
85653:M 13 Jan 2022 11:28:49.492 # Failed listening on port 6379 (TCP), aborting.
85866:C 13 Jan 2022 11:29:39.469 # oO0OoO0OoO0Oo Redis is starting oO0OoO0OoO0Oo
85866:C 13 Jan 2022 11:29:39.469 # Redis version=6.2.6, bits=64, commit=00000000, modified=0, pid=85866, just started
85866:C 13 Jan 2022 11:29:39.469 # Warning: no config file specified, using the default config. In order to specify a config file use ../redis/redis-6.2.6/src/redis-server /path/to/redis.conf
85866:M 13 Jan 2022 11:29:39.470 * monotonic clock: POSIX clock_gettime
85866:M 13 Jan 2022 11:29:39.470 # Warning: Could not create server TCP listening socket *:6379: bind: Address already in use
85866:M 13 Jan 2022 11:29:39.470 # Failed listening on port 6379 (TCP), aborting.
85983:C 13 Jan 2022 11:29:57.006 # oO0OoO0OoO0Oo Redis is starting oO0OoO0OoO0Oo
85983:C 13 Jan 2022 11:29:57.006 # Redis version=6.2.6, bits=64, commit=00000000, modified=0, pid=85983, just started
85983:C 13 Jan 2022 11:29:57.006 # Warning: no config file specified, using the default config. In order to specify a config file use ../redis/redis-6.2.6/src/redis-server /path/to/redis.conf
85983:M 13 Jan 2022 11:29:57.007 * monotonic clock: POSIX clock_gettime
85983:M 13 Jan 2022 11:29:57.008 # Warning: Could not create server TCP listening socket *:6379: bind: Address already in use
85983:M 13 Jan 2022 11:29:57.008 # Failed listening on port 6379 (TCP), aborting.
88494:C 13 Jan 2022 11:52:12.490 # oO0OoO0OoO0Oo Redis is starting oO0OoO0OoO0Oo
88494:C 13 Jan 2022 11:52:12.490 # Redis version=6.2.6, bits=64, commit=00000000, modified=0, pid=88494, just started
88494:C 13 Jan 2022 11:52:12.490 # Warning: no config file specified, using the default config. In order to specify a config file use ../redis/redis-6.2.6/src/redis-server /path/to/redis.conf
88494:M 13 Jan 2022 11:52:12.491 * monotonic clock: POSIX clock_gettime
88494:M 13 Jan 2022 11:52:12.492 # Warning: Could not create server TCP listening socket *:6379: bind: Address already in use
88494:M 13 Jan 2022 11:52:12.492 # Failed listening on port 6379 (TCP), aborting.
88728:C 13 Jan 2022 11:53:11.340 # oO0OoO0OoO0Oo Redis is starting oO0OoO0OoO0Oo
88728:C 13 Jan 2022 11:53:11.340 # Redis version=6.2.6, bits=64, commit=00000000, modified=0, pid=88728, just started
88728:C 13 Jan 2022 11:53:11.340 # Warning: no config file specified, using the default config. In order to specify a config file use ../redis/redis-6.2.6/src/redis-server /path/to/redis.conf
88728:M 13 Jan 2022 11:53:11.341 * monotonic clock: POSIX clock_gettime
88728:M 13 Jan 2022 11:53:11.341 # Warning: Could not create server TCP listening socket *:6379: bind: Address already in use
88728:M 13 Jan 2022 11:53:11.341 # Failed listening on port 6379 (TCP), aborting.
89350:C 13 Jan 2022 11:55:05.777 # oO0OoO0OoO0Oo Redis is starting oO0OoO0OoO0Oo
89350:C 13 Jan 2022 11:55:05.777 # Redis version=6.2.6, bits=64, commit=00000000, modified=0, pid=89350, just started
89350:C 13 Jan 2022 11:55:05.777 # Warning: no config file specified, using the default config. In order to specify a config file use ../redis/redis-6.2.6/src/redis-server /path/to/redis.conf
89350:M 13 Jan 2022 11:55:05.777 * monotonic clock: POSIX clock_gettime
89350:M 13 Jan 2022 11:55:05.778 # Warning: Could not create server TCP listening socket *:6379: bind: Address already in use
89350:M 13 Jan 2022 11:55:05.778 # Failed listening on port 6379 (TCP), aborting.
89758:C 13 Jan 2022 11:56:58.707 # oO0OoO0OoO0Oo Redis is starting oO0OoO0OoO0Oo
89758:C 13 Jan 2022 11:56:58.707 # Redis version=6.2.6, bits=64, commit=00000000, modified=0, pid=89758, just started
89758:C 13 Jan 2022 11:56:58.707 # Warning: no config file specified, using the default config. In order to specify a config file use ../redis/redis-6.2.6/src/redis-server /path/to/redis.conf
89758:M 13 Jan 2022 11:56:58.708 * monotonic clock: POSIX clock_gettime
89758:M 13 Jan 2022 11:56:58.709 # Warning: Could not create server TCP listening socket *:6379: bind: Address already in use
89758:M 13 Jan 2022 11:56:58.709 # Failed listening on port 6379 (TCP), aborting.
90517:C 13 Jan 2022 11:59:51.203 # oO0OoO0OoO0Oo Redis is starting oO0OoO0OoO0Oo
90517:C 13 Jan 2022 11:59:51.203 # Redis version=6.2.6, bits=64, commit=00000000, modified=0, pid=90517, just started
90517:C 13 Jan 2022 11:59:51.203 # Warning: no config file specified, using the default config. In order to specify a config file use ../redis/redis-6.2.6/src/redis-server /path/to/redis.conf
90517:M 13 Jan 2022 11:59:51.204 * monotonic clock: POSIX clock_gettime
90517:M 13 Jan 2022 11:59:51.204 # Warning: Could not create server TCP listening socket *:6379: bind: Address already in use
90517:M 13 Jan 2022 11:59:51.204 # Failed listening on port 6379 (TCP), aborting.
93870:C 13 Jan 2022 12:15:08.054 # oO0OoO0OoO0Oo Redis is starting oO0OoO0OoO0Oo
93870:C 13 Jan 2022 12:15:08.054 # Redis version=6.2.6, bits=64, commit=00000000, modified=0, pid=93870, just started
93870:C 13 Jan 2022 12:15:08.054 # Warning: no config file specified, using the default config. In order to specify a config file use ../redis/redis-6.2.6/src/redis-server /path/to/redis.conf
93870:M 13 Jan 2022 12:15:08.055 * monotonic clock: POSIX clock_gettime
93870:M 13 Jan 2022 12:15:08.055 # Warning: Could not create server TCP listening socket *:6379: bind: Address already in use
93870:M 13 Jan 2022 12:15:08.055 # Failed listening on port 6379 (TCP), aborting.
94109:C 13 Jan 2022 12:16:06.731 # oO0OoO0OoO0Oo Redis is starting oO0OoO0OoO0Oo
94109:C 13 Jan 2022 12:16:06.731 # Redis version=6.2.6, bits=64, commit=00000000, modified=0, pid=94109, just started
94109:C 13 Jan 2022 12:16:06.731 # Warning: no config file specified, using the default config. In order to specify a config file use ../redis/redis-6.2.6/src/redis-server /path/to/redis.conf
94109:M 13 Jan 2022 12:16:06.732 * monotonic clock: POSIX clock_gettime
94109:M 13 Jan 2022 12:16:06.732 # Warning: Could not create server TCP listening socket *:6379: bind: Address already in use
94109:M 13 Jan 2022 12:16:06.732 # Failed listening on port 6379 (TCP), aborting.
94829:C 13 Jan 2022 12:18:32.619 # oO0OoO0OoO0Oo Redis is starting oO0OoO0OoO0Oo
94829:C 13 Jan 2022 12:18:32.619 # Redis version=6.2.6, bits=64, commit=00000000, modified=0, pid=94829, just started
94829:C 13 Jan 2022 12:18:32.619 # Warning: no config file specified, using the default config. In order to specify a config file use ../redis/redis-6.2.6/src/redis-server /path/to/redis.conf
94829:M 13 Jan 2022 12:18:32.620 * monotonic clock: POSIX clock_gettime
94829:M 13 Jan 2022 12:18:32.620 # Warning: Could not create server TCP listening socket *:6379: bind: Address already in use
94829:M 13 Jan 2022 12:18:32.620 # Failed listening on port 6379 (TCP), aborting.
95189:C 13 Jan 2022 12:20:21.301 # oO0OoO0OoO0Oo Redis is starting oO0OoO0OoO0Oo
95189:C 13 Jan 2022 12:20:21.301 # Redis version=6.2.6, bits=64, commit=00000000, modified=0, pid=95189, just started
95189:C 13 Jan 2022 12:20:21.301 # Warning: no config file specified, using the default config. In order to specify a config file use ../redis/redis-6.2.6/src/redis-server /path/to/redis.conf
95189:M 13 Jan 2022 12:20:21.302 * monotonic clock: POSIX clock_gettime
95189:M 13 Jan 2022 12:20:21.303 # Warning: Could not create server TCP listening socket *:6379: bind: Address already in use
95189:M 13 Jan 2022 12:20:21.303 # Failed listening on port 6379 (TCP), aborting.
96044:C 13 Jan 2022 12:23:03.526 # oO0OoO0OoO0Oo Redis is starting oO0OoO0OoO0Oo
96044:C 13 Jan 2022 12:23:03.526 # Redis version=6.2.6, bits=64, commit=00000000, modified=0, pid=96044, just started
96044:C 13 Jan 2022 12:23:03.526 # Warning: no config file specified, using the default config. In order to specify a config file use ../redis/redis-6.2.6/src/redis-server /path/to/redis.conf
96044:M 13 Jan 2022 12:23:03.527 * monotonic clock: POSIX clock_gettime
96044:M 13 Jan 2022 12:23:03.528 # Warning: Could not create server TCP listening socket *:6379: bind: Address already in use
96044:M 13 Jan 2022 12:23:03.528 # Failed listening on port 6379 (TCP), aborting.
96333:C 13 Jan 2022 12:24:26.856 # oO0OoO0OoO0Oo Redis is starting oO0OoO0OoO0Oo
96333:C 13 Jan 2022 12:24:26.856 # Redis version=6.2.6, bits=64, commit=00000000, modified=0, pid=96333, just started
96333:C 13 Jan 2022 12:24:26.856 # Warning: no config file specified, using the default config. In order to specify a config file use ../redis/redis-6.2.6/src/redis-server /path/to/redis.conf
96333:M 13 Jan 2022 12:24:26.858 * monotonic clock: POSIX clock_gettime
96333:M 13 Jan 2022 12:24:26.858 # Warning: Could not create server TCP listening socket *:6379: bind: Address already in use
96333:M 13 Jan 2022 12:24:26.858 # Failed listening on port 6379 (TCP), aborting.
97614:C 13 Jan 2022 12:25:41.297 # oO0OoO0OoO0Oo Redis is starting oO0OoO0OoO0Oo
97614:C 13 Jan 2022 12:25:41.297 # Redis version=6.2.6, bits=64, commit=00000000, modified=0, pid=97614, just started
97614:C 13 Jan 2022 12:25:41.297 # Warning: no config file specified, using the default config. In order to specify a config file use ../redis/redis-6.2.6/src/redis-server /path/to/redis.conf
97614:M 13 Jan 2022 12:25:41.298 * monotonic clock: POSIX clock_gettime
97614:M 13 Jan 2022 12:25:41.298 # Warning: Could not create server TCP listening socket *:6379: bind: Address already in use
97614:M 13 Jan 2022 12:25:41.298 # Failed listening on port 6379 (TCP), aborting.
97996:C 13 Jan 2022 12:26:54.825 # oO0OoO0OoO0Oo Redis is starting oO0OoO0OoO0Oo
97996:C 13 Jan 2022 12:26:54.825 # Redis version=6.2.6, bits=64, commit=00000000, modified=0, pid=97996, just started
97996:C 13 Jan 2022 12:26:54.825 # Warning: no config file specified, using the default config. In order to specify a config file use ../redis/redis-6.2.6/src/redis-server /path/to/redis.conf
97996:M 13 Jan 2022 12:26:54.826 * monotonic clock: POSIX clock_gettime
97996:M 13 Jan 2022 12:26:54.826 # Warning: Could not create server TCP listening socket *:6379: bind: Address already in use
97996:M 13 Jan 2022 12:26:54.826 # Failed listening on port 6379 (TCP), aborting.
98137:C 13 Jan 2022 12:27:34.551 # oO0OoO0OoO0Oo Redis is starting oO0OoO0OoO0Oo
98137:C 13 Jan 2022 12:27:34.551 # Redis version=6.2.6, bits=64, commit=00000000, modified=0, pid=98137, just started
98137:C 13 Jan 2022 12:27:34.551 # Warning: no config file specified, using the default config. In order to specify a config file use ../redis/redis-6.2.6/src/redis-server /path/to/redis.conf
98137:M 13 Jan 2022 12:27:34.552 * monotonic clock: POSIX clock_gettime
98137:M 13 Jan 2022 12:27:34.552 # Warning: Could not create server TCP listening socket *:6379: bind: Address already in use
98137:M 13 Jan 2022 12:27:34.552 # Failed listening on port 6379 (TCP), aborting.
98549:C 13 Jan 2022 12:30:06.097 # oO0OoO0OoO0Oo Redis is starting oO0OoO0OoO0Oo
98549:C 13 Jan 2022 12:30:06.097 # Redis version=6.2.6, bits=64, commit=00000000, modified=0, pid=98549, just started
98549:C 13 Jan 2022 12:30:06.097 # Warning: no config file specified, using the default config. In order to specify a config file use ../redis/redis-6.2.6/src/redis-server /path/to/redis.conf
98549:M 13 Jan 2022 12:30:06.098 * monotonic clock: POSIX clock_gettime
98549:M 13 Jan 2022 12:30:06.098 # Warning: Could not create server TCP listening socket *:6379: bind: Address already in use
98549:M 13 Jan 2022 12:30:06.098 # Failed listening on port 6379 (TCP), aborting.
100109:C 13 Jan 2022 12:42:14.496 # oO0OoO0OoO0Oo Redis is starting oO0OoO0OoO0Oo
100109:C 13 Jan 2022 12:42:14.496 # Redis version=6.2.6, bits=64, commit=00000000, modified=0, pid=100109, just started
100109:C 13 Jan 2022 12:42:14.496 # Warning: no config file specified, using the default config. In order to specify a config file use ../redis/redis-6.2.6/src/redis-server /path/to/redis.conf
100109:M 13 Jan 2022 12:42:14.497 * monotonic clock: POSIX clock_gettime
100109:M 13 Jan 2022 12:42:14.497 # Warning: Could not create server TCP listening socket *:6379: bind: Address already in use
100109:M 13 Jan 2022 12:42:14.497 # Failed listening on port 6379 (TCP), aborting.
100640:C 13 Jan 2022 12:45:55.023 # oO0OoO0OoO0Oo Redis is starting oO0OoO0OoO0Oo
100640:C 13 Jan 2022 12:45:55.023 # Redis version=6.2.6, bits=64, commit=00000000, modified=0, pid=100640, just started
100640:C 13 Jan 2022 12:45:55.023 # Warning: no config file specified, using the default config. In order to specify a config file use ../redis/redis-6.2.6/src/redis-server /path/to/redis.conf
100640:M 13 Jan 2022 12:45:55.024 * monotonic clock: POSIX clock_gettime
100640:M 13 Jan 2022 12:45:55.024 # Warning: Could not create server TCP listening socket *:6379: bind: Address already in use
100640:M 13 Jan 2022 12:45:55.024 # Failed listening on port 6379 (TCP), aborting.
100711:C 13 Jan 2022 12:46:08.676 # oO0OoO0OoO0Oo Redis is starting oO0OoO0OoO0Oo
100711:C 13 Jan 2022 12:46:08.676 # Redis version=6.2.6, bits=64, commit=00000000, modified=0, pid=100711, just started
100711:C 13 Jan 2022 12:46:08.676 # Warning: no config file specified, using the default config. In order to specify a config file use ../redis/redis-6.2.6/src/redis-server /path/to/redis.conf
100711:M 13 Jan 2022 12:46:08.678 * monotonic clock: POSIX clock_gettime
100711:M 13 Jan 2022 12:46:08.678 # Warning: Could not create server TCP listening socket *:6379: bind: Address already in use
100711:M 13 Jan 2022 12:46:08.678 # Failed listening on port 6379 (TCP), aborting.
101041:C 13 Jan 2022 12:47:45.711 # oO0OoO0OoO0Oo Redis is starting oO0OoO0OoO0Oo
101041:C 13 Jan 2022 12:47:45.711 # Redis version=6.2.6, bits=64, commit=00000000, modified=0, pid=101041, just started
101041:C 13 Jan 2022 12:47:45.711 # Warning: no config file specified, using the default config. In order to specify a config file use ../redis/redis-6.2.6/src/redis-server /path/to/redis.conf
101041:M 13 Jan 2022 12:47:45.713 * monotonic clock: POSIX clock_gettime
101041:M 13 Jan 2022 12:47:45.713 # Warning: Could not create server TCP listening socket *:6379: bind: Address already in use
101041:M 13 Jan 2022 12:47:45.713 # Failed listening on port 6379 (TCP), aborting.
101393:C 13 Jan 2022 12:49:58.954 # oO0OoO0OoO0Oo Redis is starting oO0OoO0OoO0Oo
101393:C 13 Jan 2022 12:49:58.954 # Redis version=6.2.6, bits=64, commit=00000000, modified=0, pid=101393, just started
101393:C 13 Jan 2022 12:49:58.954 # Warning: no config file specified, using the default config. In order to specify a config file use ../redis/redis-6.2.6/src/redis-server /path/to/redis.conf
101393:M 13 Jan 2022 12:49:58.956 * monotonic clock: POSIX clock_gettime
101393:M 13 Jan 2022 12:49:58.956 # Warning: Could not create server TCP listening socket *:6379: bind: Address already in use
101393:M 13 Jan 2022 12:49:58.956 # Failed listening on port 6379 (TCP), aborting.
102157:C 13 Jan 2022 12:54:15.504 # oO0OoO0OoO0Oo Redis is starting oO0OoO0OoO0Oo
102157:C 13 Jan 2022 12:54:15.504 # Redis version=6.2.6, bits=64, commit=00000000, modified=0, pid=102157, just started
102157:C 13 Jan 2022 12:54:15.504 # Warning: no config file specified, using the default config. In order to specify a config file use ../redis/redis-6.2.6/src/redis-server /path/to/redis.conf
102157:M 13 Jan 2022 12:54:15.506 * monotonic clock: POSIX clock_gettime
102157:M 13 Jan 2022 12:54:15.506 # Warning: Could not create server TCP listening socket *:6379: bind: Address already in use
102157:M 13 Jan 2022 12:54:15.506 # Failed listening on port 6379 (TCP), aborting.
140235:C 13 Jan 2022 15:51:47.565 # oO0OoO0OoO0Oo Redis is starting oO0OoO0OoO0Oo
140235:C 13 Jan 2022 15:51:47.565 # Redis version=6.2.6, bits=64, commit=00000000, modified=0, pid=140235, just started
140235:C 13 Jan 2022 15:51:47.565 # Warning: no config file specified, using the default config. In order to specify a config file use ../redis/redis-6.2.6/src/redis-server /path/to/redis.conf
140235:M 13 Jan 2022 15:51:47.566 * monotonic clock: POSIX clock_gettime
140235:M 13 Jan 2022 15:51:47.566 # Warning: Could not create server TCP listening socket *:6379: bind: Address already in use
140235:M 13 Jan 2022 15:51:47.566 # Failed listening on port 6379 (TCP), aborting.
143081:C 13 Jan 2022 16:13:04.350 # oO0OoO0OoO0Oo Redis is starting oO0OoO0OoO0Oo
143081:C 13 Jan 2022 16:13:04.350 # Redis version=6.2.6, bits=64, commit=00000000, modified=0, pid=143081, just started
143081:C 13 Jan 2022 16:13:04.350 # Warning: no config file specified, using the default config. In order to specify a config file use ../redis/redis-6.2.6/src/redis-server /path/to/redis.conf
143081:M 13 Jan 2022 16:13:04.351 * monotonic clock: POSIX clock_gettime
143081:M 13 Jan 2022 16:13:04.352 # Warning: Could not create server TCP listening socket *:6379: bind: Address already in use
143081:M 13 Jan 2022 16:13:04.352 # Failed listening on port 6379 (TCP), aborting.
143261:C 13 Jan 2022 16:14:00.576 # oO0OoO0OoO0Oo Redis is starting oO0OoO0OoO0Oo
143261:C 13 Jan 2022 16:14:00.577 # Redis version=6.2.6, bits=64, commit=00000000, modified=0, pid=143261, just started
143261:C 13 Jan 2022 16:14:00.577 # Warning: no config file specified, using the default config. In order to specify a config file use ../redis/redis-6.2.6/src/redis-server /path/to/redis.conf
143261:M 13 Jan 2022 16:14:00.578 * monotonic clock: POSIX clock_gettime
143261:M 13 Jan 2022 16:14:00.578 # Warning: Could not create server TCP listening socket *:6379: bind: Address already in use
143261:M 13 Jan 2022 16:14:00.578 # Failed listening on port 6379 (TCP), aborting.
143463:C 13 Jan 2022 16:15:28.659 # oO0OoO0OoO0Oo Redis is starting oO0OoO0OoO0Oo
143463:C 13 Jan 2022 16:15:28.659 # Redis version=6.2.6, bits=64, commit=00000000, modified=0, pid=143463, just started
143463:C 13 Jan 2022 16:15:28.659 # Warning: no config file specified, using the default config. In order to specify a config file use ../redis/redis-6.2.6/src/redis-server /path/to/redis.conf
143463:M 13 Jan 2022 16:15:28.660 * monotonic clock: POSIX clock_gettime
143463:M 13 Jan 2022 16:15:28.661 # Warning: Could not create server TCP listening socket *:6379: bind: Address already in use
143463:M 13 Jan 2022 16:15:28.661 # Failed listening on port 6379 (TCP), aborting.

*** FATAL CONFIG FILE ERROR (Redis 6.2.6) ***
Reading the configuration file, at line 993
>>> 'allkeys-lru'
Bad directive or wrong number of arguments

*** FATAL CONFIG FILE ERROR (Redis 6.2.6) ***
Reading the configuration file, at line 993
>>> 'allkeys-lru'
Bad directive or wrong number of arguments

*** FATAL CONFIG FILE ERROR (Redis 6.2.6) ***
Reading the configuration file, at line 993
>>> 'allkeys-lru'
Bad directive or wrong number of arguments

*** FATAL CONFIG FILE ERROR (Redis 6.2.6) ***
Reading the configuration file, at line 993
>>> 'allkeys-lru'
Bad directive or wrong number of arguments

*** FATAL CONFIG FILE ERROR (Redis 6.2.6) ***
Reading the configuration file, at line 993
>>> 'allkeys-lru'
Bad directive or wrong number of arguments

*** FATAL CONFIG FILE ERROR (Redis 6.2.6) ***
Reading the configuration file, at line 993
>>> 'allkeys-lru'
Bad directive or wrong number of arguments

*** FATAL CONFIG FILE ERROR (Redis 6.2.6) ***
Reading the configuration file, at line 993
>>> 'allkeys-lru'
Bad directive or wrong number of arguments

*** FATAL CONFIG FILE ERROR (Redis 6.2.6) ***
Reading the configuration file, at line 993
>>> 'allkeys-lru'
Bad directive or wrong number of arguments

*** FATAL CONFIG FILE ERROR (Redis 6.2.6) ***
Reading the configuration file, at line 993
>>> 'allkeys-lru'
Bad directive or wrong number of arguments

*** FATAL CONFIG FILE ERROR (Redis 6.2.6) ***
Reading the configuration file, at line 993
>>> 'allkeys-lru'
Bad directive or wrong number of arguments

*** FATAL CONFIG FILE ERROR (Redis 6.2.6) ***
Reading the configuration file, at line 993
>>> 'allkeys-lru'
Bad directive or wrong number of arguments

*** FATAL CONFIG FILE ERROR (Redis 6.2.6) ***
Reading the configuration file, at line 993
>>> 'allkeys-lru'
Bad directive or wrong number of arguments

*** FATAL CONFIG FILE ERROR (Redis 6.2.6) ***
Reading the configuration file, at line 993
>>> 'allkeys-lru'
Bad directive or wrong number of arguments

*** FATAL CONFIG FILE ERROR (Redis 6.2.6) ***
Reading the configuration file, at line 993
>>> 'allkeys-lru'
Bad directive or wrong number of arguments

*** FATAL CONFIG FILE ERROR (Redis 6.2.6) ***
Reading the configuration file, at line 993
>>> 'allkeys-lru'
Bad directive or wrong number of arguments

*** FATAL CONFIG FILE ERROR (Redis 6.2.6) ***
Reading the configuration file, at line 993
>>> 'allkeys-lru'
Bad directive or wrong number of arguments

*** FATAL CONFIG FILE ERROR (Redis 6.2.6) ***
Reading the configuration file, at line 993
>>> 'allkeys-lru'
Bad directive or wrong number of arguments

*** FATAL CONFIG FILE ERROR (Redis 6.2.6) ***
Reading the configuration file, at line 993
>>> 'allkeys-lru'
Bad directive or wrong number of arguments

*** FATAL CONFIG FILE ERROR (Redis 6.2.6) ***
Reading the configuration file, at line 993
>>> 'allkeys-lru'
Bad directive or wrong number of arguments

*** FATAL CONFIG FILE ERROR (Redis 6.2.6) ***
Reading the configuration file, at line 993
>>> 'allkeys-lru'
Bad directive or wrong number of arguments

*** FATAL CONFIG FILE ERROR (Redis 6.2.6) ***
Reading the configuration file, at line 993
>>> 'allkeys-lru'
Bad directive or wrong number of arguments

*** FATAL CONFIG FILE ERROR (Redis 6.2.6) ***
Reading the configuration file, at line 993
>>> 'allkeys-lru'
Bad directive or wrong number of arguments

*** FATAL CONFIG FILE ERROR (Redis 6.2.6) ***
Reading the configuration file, at line 993
>>> 'allkeys-lru'
Bad directive or wrong number of arguments

*** FATAL CONFIG FILE ERROR (Redis 6.2.6) ***
Reading the configuration file, at line 993
>>> 'allkeys-lru'
Bad directive or wrong number of arguments

*** FATAL CONFIG FILE ERROR (Redis 6.2.6) ***
Reading the configuration file, at line 993
>>> 'allkeys-lru'
Bad directive or wrong number of arguments

*** FATAL CONFIG FILE ERROR (Redis 6.2.6) ***
Reading the configuration file, at line 993
>>> 'allkeys-lru'
Bad directive or wrong number of arguments

*** FATAL CONFIG FILE ERROR (Redis 6.2.6) ***
Reading the configuration file, at line 993
>>> 'allkeys-lru'
Bad directive or wrong number of arguments

*** FATAL CONFIG FILE ERROR (Redis 6.2.6) ***
Reading the configuration file, at line 993
>>> 'allkeys-lru'
Bad directive or wrong number of arguments

*** FATAL CONFIG FILE ERROR (Redis 6.2.6) ***
Reading the configuration file, at line 993
>>> 'allkeys-lru'
Bad directive or wrong number of arguments

*** FATAL CONFIG FILE ERROR (Redis 6.2.6) ***
Reading the configuration file, at line 993
>>> 'allkeys-lru'
Bad directive or wrong number of arguments

*** FATAL CONFIG FILE ERROR (Redis 6.2.6) ***
Reading the configuration file, at line 993
>>> 'allkeys-lru'
Bad directive or wrong number of arguments

*** FATAL CONFIG FILE ERROR (Redis 6.2.6) ***
Reading the configuration file, at line 993
>>> 'allkeys-lru'
Bad directive or wrong number of arguments

*** FATAL CONFIG FILE ERROR (Redis 6.2.6) ***
Reading the configuration file, at line 993
>>> 'allkeys-lru'
Bad directive or wrong number of arguments

*** FATAL CONFIG FILE ERROR (Redis 6.2.6) ***
Reading the configuration file, at line 993
>>> 'allkeys-lru'
Bad directive or wrong number of arguments

*** FATAL CONFIG FILE ERROR (Redis 6.2.6) ***
Reading the configuration file, at line 993
>>> 'allkeys-lru'
Bad directive or wrong number of arguments

*** FATAL CONFIG FILE ERROR (Redis 6.2.6) ***
Reading the configuration file, at line 993
>>> 'allkeys-lru'
Bad directive or wrong number of arguments

*** FATAL CONFIG FILE ERROR (Redis 6.2.6) ***
Reading the configuration file, at line 993
>>> 'allkeys-lru'
Bad directive or wrong number of arguments

*** FATAL CONFIG FILE ERROR (Redis 6.2.6) ***
Reading the configuration file, at line 993
>>> 'allkeys-lru'
Bad directive or wrong number of arguments
<<<<<<< HEAD

*** FATAL CONFIG FILE ERROR (Redis 6.2.6) ***
Reading the configuration file, at line 993
>>> 'allkeys-lru'
Bad directive or wrong number of arguments

*** FATAL CONFIG FILE ERROR (Redis 6.2.6) ***
Reading the configuration file, at line 993
>>> 'allkeys-lru'
Bad directive or wrong number of arguments

*** FATAL CONFIG FILE ERROR (Redis 6.2.6) ***
Reading the configuration file, at line 993
>>> 'allkeys-lru'
Bad directive or wrong number of arguments

*** FATAL CONFIG FILE ERROR (Redis 6.2.6) ***
Reading the configuration file, at line 993
>>> 'allkeys-lru'
Bad directive or wrong number of arguments

*** FATAL CONFIG FILE ERROR (Redis 6.2.6) ***
Reading the configuration file, at line 993
>>> 'allkeys-lru'
Bad directive or wrong number of arguments

*** FATAL CONFIG FILE ERROR (Redis 6.2.6) ***
Reading the configuration file, at line 993
>>> 'allkeys-lru'
Bad directive or wrong number of arguments
=======
>>>>>>> f1c22d240d28ea349cc651a936adf96d91f3d6c5

*** FATAL CONFIG FILE ERROR (Redis 6.2.6) ***
Reading the configuration file, at line 993
>>> 'allkeys-lru'
Bad directive or wrong number of arguments

*** FATAL CONFIG FILE ERROR (Redis 6.2.6) ***
Reading the configuration file, at line 993
>>> 'allkeys-lru'
Bad directive or wrong number of arguments

*** FATAL CONFIG FILE ERROR (Redis 6.2.6) ***
Reading the configuration file, at line 993
>>> 'allkeys-lru'
Bad directive or wrong number of arguments

*** FATAL CONFIG FILE ERROR (Redis 6.2.6) ***
Reading the configuration file, at line 993
>>> 'allkeys-lru'
Bad directive or wrong number of arguments

*** FATAL CONFIG FILE ERROR (Redis 6.2.6) ***
Reading the configuration file, at line 993
>>> 'allkeys-lru'
Bad directive or wrong number of arguments

*** FATAL CONFIG FILE ERROR (Redis 6.2.6) ***
Reading the configuration file, at line 993
>>> 'allkeys-lru'
Bad directive or wrong number of arguments

*** FATAL CONFIG FILE ERROR (Redis 6.2.6) ***
Reading the configuration file, at line 993
>>> 'allkeys-lru'
Bad directive or wrong number of arguments

*** FATAL CONFIG FILE ERROR (Redis 6.2.6) ***
Reading the configuration file, at line 993
>>> 'allkeys-lru'
Bad directive or wrong number of arguments

*** FATAL CONFIG FILE ERROR (Redis 6.2.6) ***
Reading the configuration file, at line 993
>>> 'allkeys-lru'
Bad directive or wrong number of arguments

*** FATAL CONFIG FILE ERROR (Redis 6.2.6) ***
Reading the configuration file, at line 993
>>> 'allkeys-lru'
Bad directive or wrong number of arguments

*** FATAL CONFIG FILE ERROR (Redis 6.2.6) ***
Reading the configuration file, at line 993
>>> 'allkeys-lru'
Bad directive or wrong number of arguments

*** FATAL CONFIG FILE ERROR (Redis 6.2.6) ***
Reading the configuration file, at line 993
>>> 'allkeys-lru'
Bad directive or wrong number of arguments

*** FATAL CONFIG FILE ERROR (Redis 6.2.6) ***
Reading the configuration file, at line 993
>>> 'allkeys-lru'
Bad directive or wrong number of arguments

*** FATAL CONFIG FILE ERROR (Redis 6.2.6) ***
Reading the configuration file, at line 993
>>> 'allkeys-lru'
Bad directive or wrong number of arguments

*** FATAL CONFIG FILE ERROR (Redis 6.2.6) ***
Reading the configuration file, at line 993
>>> 'allkeys-lru'
Bad directive or wrong number of arguments

*** FATAL CONFIG FILE ERROR (Redis 6.2.6) ***
Reading the configuration file, at line 993
>>> 'allkeys-lru'
Bad directive or wrong number of arguments

*** FATAL CONFIG FILE ERROR (Redis 6.2.6) ***
Reading the configuration file, at line 993
>>> 'allkeys-lru'
Bad directive or wrong number of arguments

*** FATAL CONFIG FILE ERROR (Redis 6.2.6) ***
Reading the configuration file, at line 993
>>> 'allkeys-lru'
Bad directive or wrong number of arguments

*** FATAL CONFIG FILE ERROR (Redis 6.2.6) ***
Reading the configuration file, at line 993
>>> 'allkeys-lru'
Bad directive or wrong number of arguments

*** FATAL CONFIG FILE ERROR (Redis 6.2.6) ***
Reading the configuration file, at line 993
>>> 'allkeys-lru'
Bad directive or wrong number of arguments

*** FATAL CONFIG FILE ERROR (Redis 6.2.6) ***
Reading the configuration file, at line 993
>>> 'allkeys-lru'
Bad directive or wrong number of arguments

*** FATAL CONFIG FILE ERROR (Redis 6.2.6) ***
Reading the configuration file, at line 993
>>> 'allkeys-lru'
Bad directive or wrong number of arguments

*** FATAL CONFIG FILE ERROR (Redis 6.2.6) ***
Reading the configuration file, at line 993
>>> 'allkeys-lru'
Bad directive or wrong number of arguments

*** FATAL CONFIG FILE ERROR (Redis 6.2.6) ***
Reading the configuration file, at line 993
>>> 'allkeys-lru'
Bad directive or wrong number of arguments

*** FATAL CONFIG FILE ERROR (Redis 6.2.6) ***
Reading the configuration file, at line 993
>>> 'allkeys-lru'
Bad directive or wrong number of arguments

*** FATAL CONFIG FILE ERROR (Redis 6.2.6) ***
Reading the configuration file, at line 993
>>> 'allkeys-lru'
Bad directive or wrong number of arguments

*** FATAL CONFIG FILE ERROR (Redis 6.2.6) ***
Reading the configuration file, at line 993
>>> 'allkeys-lru'
Bad directive or wrong number of arguments

*** FATAL CONFIG FILE ERROR (Redis 6.2.6) ***
Reading the configuration file, at line 993
>>> 'allkeys-lru'
Bad directive or wrong number of arguments

*** FATAL CONFIG FILE ERROR (Redis 6.2.6) ***
Reading the configuration file, at line 993
>>> 'allkeys-lru'
Bad directive or wrong number of arguments

*** FATAL CONFIG FILE ERROR (Redis 6.2.6) ***
Reading the configuration file, at line 993
>>> 'allkeys-lru'
Bad directive or wrong number of arguments

*** FATAL CONFIG FILE ERROR (Redis 6.2.6) ***
Reading the configuration file, at line 993
>>> 'allkeys-lru'
Bad directive or wrong number of arguments

*** FATAL CONFIG FILE ERROR (Redis 6.2.6) ***
Reading the configuration file, at line 993
>>> 'allkeys-lru'
Bad directive or wrong number of arguments

*** FATAL CONFIG FILE ERROR (Redis 6.2.6) ***
Reading the configuration file, at line 993
>>> 'allkeys-lru'
Bad directive or wrong number of arguments

*** FATAL CONFIG FILE ERROR (Redis 6.2.6) ***
Reading the configuration file, at line 993
>>> 'allkeys-lru'
Bad directive or wrong number of arguments

*** FATAL CONFIG FILE ERROR (Redis 6.2.6) ***
Reading the configuration file, at line 993
>>> 'allkeys-lru'
Bad directive or wrong number of arguments

*** FATAL CONFIG FILE ERROR (Redis 6.2.6) ***
Reading the configuration file, at line 993
>>> 'allkeys-lru'
Bad directive or wrong number of arguments

*** FATAL CONFIG FILE ERROR (Redis 6.2.6) ***
Reading the configuration file, at line 993
>>> 'allkeys-lru'
Bad directive or wrong number of arguments

*** FATAL CONFIG FILE ERROR (Redis 6.2.6) ***
Reading the configuration file, at line 993
>>> 'allkeys-lru'
Bad directive or wrong number of arguments

*** FATAL CONFIG FILE ERROR (Redis 6.2.6) ***
Reading the configuration file, at line 993
>>> 'allkeys-lru'
Bad directive or wrong number of arguments

*** FATAL CONFIG FILE ERROR (Redis 6.2.6) ***
Reading the configuration file, at line 993
>>> 'allkeys-lru'
Bad directive or wrong number of arguments

*** FATAL CONFIG FILE ERROR (Redis 6.2.6) ***
Reading the configuration file, at line 993
>>> 'allkeys-lru'
Bad directive or wrong number of arguments

*** FATAL CONFIG FILE ERROR (Redis 6.2.6) ***
Reading the configuration file, at line 993
>>> 'allkeys-lru'
Bad directive or wrong number of arguments

*** FATAL CONFIG FILE ERROR (Redis 6.2.6) ***
Reading the configuration file, at line 993
>>> 'allkeys-lru'
Bad directive or wrong number of arguments

*** FATAL CONFIG FILE ERROR (Redis 6.2.6) ***
Reading the configuration file, at line 993
>>> 'allkeys-lru'
Bad directive or wrong number of arguments

*** FATAL CONFIG FILE ERROR (Redis 6.2.6) ***
Reading the configuration file, at line 993
>>> 'allkeys-lru'
Bad directive or wrong number of arguments

*** FATAL CONFIG FILE ERROR (Redis 6.2.6) ***
Reading the configuration file, at line 993
>>> 'allkeys-lru'
Bad directive or wrong number of arguments

*** FATAL CONFIG FILE ERROR (Redis 6.2.6) ***
Reading the configuration file, at line 993
>>> 'allkeys-lru'
Bad directive or wrong number of arguments

*** FATAL CONFIG FILE ERROR (Redis 6.2.6) ***
Reading the configuration file, at line 993
>>> 'allkeys-lru'
Bad directive or wrong number of arguments

*** FATAL CONFIG FILE ERROR (Redis 6.2.6) ***
Reading the configuration file, at line 993
>>> 'allkeys-lru'
Bad directive or wrong number of arguments

*** FATAL CONFIG FILE ERROR (Redis 6.2.6) ***
Reading the configuration file, at line 993
>>> 'allkeys-lru'
Bad directive or wrong number of arguments

*** FATAL CONFIG FILE ERROR (Redis 6.2.6) ***
Reading the configuration file, at line 993
>>> 'allkeys-lru'
Bad directive or wrong number of arguments

*** FATAL CONFIG FILE ERROR (Redis 6.2.6) ***
Reading the configuration file, at line 993
>>> 'allkeys-lru'
Bad directive or wrong number of arguments

*** FATAL CONFIG FILE ERROR (Redis 6.2.6) ***
Reading the configuration file, at line 993
>>> 'allkeys-lru'
Bad directive or wrong number of arguments

*** FATAL CONFIG FILE ERROR (Redis 6.2.6) ***
Reading the configuration file, at line 993
>>> 'allkeys-lru'
Bad directive or wrong number of arguments

*** FATAL CONFIG FILE ERROR (Redis 6.2.6) ***
Reading the configuration file, at line 993
>>> 'allkeys-lru'
Bad directive or wrong number of arguments

*** FATAL CONFIG FILE ERROR (Redis 6.2.6) ***
Reading the configuration file, at line 993
>>> 'allkeys-lru'
Bad directive or wrong number of arguments

*** FATAL CONFIG FILE ERROR (Redis 6.2.6) ***
Reading the configuration file, at line 993
>>> 'allkeys-lru'
Bad directive or wrong number of arguments

*** FATAL CONFIG FILE ERROR (Redis 6.2.6) ***
Reading the configuration file, at line 993
>>> 'allkeys-lru'
Bad directive or wrong number of arguments

*** FATAL CONFIG FILE ERROR (Redis 6.2.6) ***
Reading the configuration file, at line 993
>>> 'allkeys-lru'
Bad directive or wrong number of arguments

*** FATAL CONFIG FILE ERROR (Redis 6.2.6) ***
Reading the configuration file, at line 993
>>> 'allkeys-lru'
Bad directive or wrong number of arguments

*** FATAL CONFIG FILE ERROR (Redis 6.2.6) ***
Reading the configuration file, at line 993
>>> 'allkeys-lru'
Bad directive or wrong number of arguments

*** FATAL CONFIG FILE ERROR (Redis 6.2.6) ***
Reading the configuration file, at line 993
>>> 'allkeys-lru'
Bad directive or wrong number of arguments

*** FATAL CONFIG FILE ERROR (Redis 6.2.6) ***
Reading the configuration file, at line 993
>>> 'allkeys-lru'
Bad directive or wrong number of arguments

*** FATAL CONFIG FILE ERROR (Redis 6.2.6) ***
Reading the configuration file, at line 993
>>> 'allkeys-lru'
Bad directive or wrong number of arguments

*** FATAL CONFIG FILE ERROR (Redis 6.2.6) ***
Reading the configuration file, at line 993
>>> 'allkeys-lru'
Bad directive or wrong number of arguments

*** FATAL CONFIG FILE ERROR (Redis 6.2.6) ***
Reading the configuration file, at line 993
>>> 'allkeys-lru'
Bad directive or wrong number of arguments

*** FATAL CONFIG FILE ERROR (Redis 6.2.6) ***
Reading the configuration file, at line 993
>>> 'allkeys-lru'
Bad directive or wrong number of arguments

*** FATAL CONFIG FILE ERROR (Redis 6.2.6) ***
Reading the configuration file, at line 993
>>> 'allkeys-lru'
Bad directive or wrong number of arguments

*** FATAL CONFIG FILE ERROR (Redis 6.2.6) ***
Reading the configuration file, at line 993
>>> 'allkeys-lru'
Bad directive or wrong number of arguments

*** FATAL CONFIG FILE ERROR (Redis 6.2.6) ***
Reading the configuration file, at line 993
>>> 'allkeys-lru'
Bad directive or wrong number of arguments

*** FATAL CONFIG FILE ERROR (Redis 6.2.6) ***
Reading the configuration file, at line 993
>>> 'allkeys-lru'
Bad directive or wrong number of arguments

*** FATAL CONFIG FILE ERROR (Redis 6.2.6) ***
Reading the configuration file, at line 993
>>> 'allkeys-lru'
Bad directive or wrong number of arguments

*** FATAL CONFIG FILE ERROR (Redis 6.2.6) ***
Reading the configuration file, at line 993
>>> 'allkeys-lru'
Bad directive or wrong number of arguments

*** FATAL CONFIG FILE ERROR (Redis 6.2.6) ***
Reading the configuration file, at line 993
>>> 'allkeys-lru'
Bad directive or wrong number of arguments

*** FATAL CONFIG FILE ERROR (Redis 6.2.6) ***
Reading the configuration file, at line 993
>>> 'allkeys-lru'
Bad directive or wrong number of arguments

*** FATAL CONFIG FILE ERROR (Redis 6.2.6) ***
Reading the configuration file, at line 993
>>> 'allkeys-lru'
Bad directive or wrong number of arguments

*** FATAL CONFIG FILE ERROR (Redis 6.2.6) ***
Reading the configuration file, at line 993
>>> 'allkeys-lru'
Bad directive or wrong number of arguments

*** FATAL CONFIG FILE ERROR (Redis 6.2.6) ***
Reading the configuration file, at line 993
>>> 'allkeys-lru'
Bad directive or wrong number of arguments

*** FATAL CONFIG FILE ERROR (Redis 6.2.6) ***
Reading the configuration file, at line 993
>>> 'allkeys-lru'
Bad directive or wrong number of arguments

*** FATAL CONFIG FILE ERROR (Redis 6.2.6) ***
Reading the configuration file, at line 993
>>> 'allkeys-lru'
Bad directive or wrong number of arguments

*** FATAL CONFIG FILE ERROR (Redis 6.2.6) ***
Reading the configuration file, at line 993
>>> 'allkeys-lru'
Bad directive or wrong number of arguments

*** FATAL CONFIG FILE ERROR (Redis 6.2.6) ***
Reading the configuration file, at line 993
>>> 'allkeys-lru'
Bad directive or wrong number of arguments

*** FATAL CONFIG FILE ERROR (Redis 6.2.6) ***
Reading the configuration file, at line 993
>>> 'allkeys-lru'
Bad directive or wrong number of arguments

*** FATAL CONFIG FILE ERROR (Redis 6.2.6) ***
Reading the configuration file, at line 993
>>> 'allkeys-lru'
Bad directive or wrong number of arguments

*** FATAL CONFIG FILE ERROR (Redis 6.2.6) ***
Reading the configuration file, at line 993
>>> 'allkeys-lru'
Bad directive or wrong number of arguments

*** FATAL CONFIG FILE ERROR (Redis 6.2.6) ***
Reading the configuration file, at line 993
>>> 'allkeys-lru'
Bad directive or wrong number of arguments

*** FATAL CONFIG FILE ERROR (Redis 6.2.6) ***
Reading the configuration file, at line 993
>>> 'allkeys-lru'
Bad directive or wrong number of arguments

*** FATAL CONFIG FILE ERROR (Redis 6.2.6) ***
Reading the configuration file, at line 993
>>> 'allkeys-lru'
Bad directive or wrong number of arguments

*** FATAL CONFIG FILE ERROR (Redis 6.2.6) ***
Reading the configuration file, at line 993
>>> 'allkeys-lru'
Bad directive or wrong number of arguments

*** FATAL CONFIG FILE ERROR (Redis 6.2.6) ***
Reading the configuration file, at line 993
>>> 'allkeys-lru'
Bad directive or wrong number of arguments

*** FATAL CONFIG FILE ERROR (Redis 6.2.6) ***
Reading the configuration file, at line 993
>>> 'allkeys-lru'
Bad directive or wrong number of arguments

*** FATAL CONFIG FILE ERROR (Redis 6.2.6) ***
Reading the configuration file, at line 993
>>> 'allkeys-lru'
Bad directive or wrong number of arguments

*** FATAL CONFIG FILE ERROR (Redis 6.2.6) ***
Reading the configuration file, at line 993
>>> 'allkeys-lru'
Bad directive or wrong number of arguments

*** FATAL CONFIG FILE ERROR (Redis 6.2.6) ***
Reading the configuration file, at line 993
>>> 'allkeys-lru'
Bad directive or wrong number of arguments

*** FATAL CONFIG FILE ERROR (Redis 6.2.6) ***
Reading the configuration file, at line 993
>>> 'allkeys-lru'
Bad directive or wrong number of arguments

*** FATAL CONFIG FILE ERROR (Redis 6.2.6) ***
Reading the configuration file, at line 993
>>> 'allkeys-lru'
Bad directive or wrong number of arguments

*** FATAL CONFIG FILE ERROR (Redis 6.2.6) ***
Reading the configuration file, at line 993
>>> 'allkeys-lru'
Bad directive or wrong number of arguments

*** FATAL CONFIG FILE ERROR (Redis 6.2.6) ***
Reading the configuration file, at line 993
>>> 'allkeys-lru'
Bad directive or wrong number of arguments

*** FATAL CONFIG FILE ERROR (Redis 6.2.6) ***
Reading the configuration file, at line 993
>>> 'allkeys-lru'
Bad directive or wrong number of arguments

*** FATAL CONFIG FILE ERROR (Redis 6.2.6) ***
Reading the configuration file, at line 993
>>> 'allkeys-lru'
Bad directive or wrong number of arguments

*** FATAL CONFIG FILE ERROR (Redis 6.2.6) ***
Reading the configuration file, at line 993
>>> 'allkeys-lru'
Bad directive or wrong number of arguments

*** FATAL CONFIG FILE ERROR (Redis 6.2.6) ***
Reading the configuration file, at line 993
>>> 'allkeys-lru'
Bad directive or wrong number of arguments

*** FATAL CONFIG FILE ERROR (Redis 6.2.6) ***
Reading the configuration file, at line 993
>>> 'allkeys-lru'
Bad directive or wrong number of arguments

*** FATAL CONFIG FILE ERROR (Redis 6.2.6) ***
Reading the configuration file, at line 993
>>> 'allkeys-lru'
Bad directive or wrong number of arguments

*** FATAL CONFIG FILE ERROR (Redis 6.2.6) ***
Reading the configuration file, at line 993
>>> 'allkeys-lru'
Bad directive or wrong number of arguments

*** FATAL CONFIG FILE ERROR (Redis 6.2.6) ***
Reading the configuration file, at line 993
>>> 'allkeys-lru'
Bad directive or wrong number of arguments

*** FATAL CONFIG FILE ERROR (Redis 6.2.6) ***
Reading the configuration file, at line 993
>>> 'allkeys-lru'
Bad directive or wrong number of arguments

*** FATAL CONFIG FILE ERROR (Redis 6.2.6) ***
Reading the configuration file, at line 993
>>> 'allkeys-lru'
Bad directive or wrong number of arguments

*** FATAL CONFIG FILE ERROR (Redis 6.2.6) ***
Reading the configuration file, at line 993
>>> 'allkeys-lru'
Bad directive or wrong number of arguments

*** FATAL CONFIG FILE ERROR (Redis 6.2.6) ***
Reading the configuration file, at line 993
>>> 'allkeys-lru'
Bad directive or wrong number of arguments

*** FATAL CONFIG FILE ERROR (Redis 6.2.6) ***
Reading the configuration file, at line 993
>>> 'allkeys-lru'
Bad directive or wrong number of arguments

*** FATAL CONFIG FILE ERROR (Redis 6.2.6) ***
Reading the configuration file, at line 993
>>> 'allkeys-lru'
Bad directive or wrong number of arguments

*** FATAL CONFIG FILE ERROR (Redis 6.2.6) ***
Reading the configuration file, at line 993
>>> 'allkeys-lru'
Bad directive or wrong number of arguments

*** FATAL CONFIG FILE ERROR (Redis 6.2.6) ***
Reading the configuration file, at line 993
>>> 'allkeys-lru'
Bad directive or wrong number of arguments

*** FATAL CONFIG FILE ERROR (Redis 6.2.6) ***
Reading the configuration file, at line 993
>>> 'allkeys-lru'
Bad directive or wrong number of arguments

*** FATAL CONFIG FILE ERROR (Redis 6.2.6) ***
Reading the configuration file, at line 993
>>> 'allkeys-lru'
Bad directive or wrong number of arguments

*** FATAL CONFIG FILE ERROR (Redis 6.2.6) ***
Reading the configuration file, at line 993
>>> 'allkeys-lru'
Bad directive or wrong number of arguments

*** FATAL CONFIG FILE ERROR (Redis 6.2.6) ***
Reading the configuration file, at line 993
>>> 'allkeys-lru'
Bad directive or wrong number of arguments

*** FATAL CONFIG FILE ERROR (Redis 6.2.6) ***
Reading the configuration file, at line 993
>>> 'allkeys-lru'
Bad directive or wrong number of arguments

*** FATAL CONFIG FILE ERROR (Redis 6.2.6) ***
Reading the configuration file, at line 993
>>> 'allkeys-lru'
Bad directive or wrong number of arguments

*** FATAL CONFIG FILE ERROR (Redis 6.2.6) ***
Reading the configuration file, at line 993
>>> 'allkeys-lru'
Bad directive or wrong number of arguments

*** FATAL CONFIG FILE ERROR (Redis 6.2.6) ***
Reading the configuration file, at line 993
>>> 'allkeys-lru'
Bad directive or wrong number of arguments

*** FATAL CONFIG FILE ERROR (Redis 6.2.6) ***
Reading the configuration file, at line 993
>>> 'allkeys-lru'
Bad directive or wrong number of arguments

*** FATAL CONFIG FILE ERROR (Redis 6.2.6) ***
Reading the configuration file, at line 993
>>> 'allkeys-lru'
Bad directive or wrong number of arguments

*** FATAL CONFIG FILE ERROR (Redis 6.2.6) ***
Reading the configuration file, at line 993
>>> 'allkeys-lru'
Bad directive or wrong number of arguments

*** FATAL CONFIG FILE ERROR (Redis 6.2.6) ***
Reading the configuration file, at line 993
>>> 'allkeys-lru'
Bad directive or wrong number of arguments

*** FATAL CONFIG FILE ERROR (Redis 6.2.6) ***
Reading the configuration file, at line 993
>>> 'allkeys-lru'
Bad directive or wrong number of arguments

*** FATAL CONFIG FILE ERROR (Redis 6.2.6) ***
Reading the configuration file, at line 993
>>> 'allkeys-lru'
Bad directive or wrong number of arguments

*** FATAL CONFIG FILE ERROR (Redis 6.2.6) ***
Reading the configuration file, at line 993
>>> 'allkeys-lru'
Bad directive or wrong number of arguments

*** FATAL CONFIG FILE ERROR (Redis 6.2.6) ***
Reading the configuration file, at line 993
>>> 'allkeys-lru'
Bad directive or wrong number of arguments

*** FATAL CONFIG FILE ERROR (Redis 6.2.6) ***
Reading the configuration file, at line 993
>>> 'allkeys-lru'
Bad directive or wrong number of arguments

*** FATAL CONFIG FILE ERROR (Redis 6.2.6) ***
Reading the configuration file, at line 993
>>> 'allkeys-lru'
Bad directive or wrong number of arguments

*** FATAL CONFIG FILE ERROR (Redis 6.2.6) ***
Reading the configuration file, at line 993
>>> 'allkeys-lru'
Bad directive or wrong number of arguments

*** FATAL CONFIG FILE ERROR (Redis 6.2.6) ***
Reading the configuration file, at line 993
>>> 'allkeys-lru'
Bad directive or wrong number of arguments

*** FATAL CONFIG FILE ERROR (Redis 6.2.6) ***
Reading the configuration file, at line 993
>>> 'allkeys-lru'
Bad directive or wrong number of arguments

*** FATAL CONFIG FILE ERROR (Redis 6.2.6) ***
Reading the configuration file, at line 993
>>> 'allkeys-lru'
Bad directive or wrong number of arguments

*** FATAL CONFIG FILE ERROR (Redis 6.2.6) ***
Reading the configuration file, at line 993
>>> 'allkeys-lru'
Bad directive or wrong number of arguments

*** FATAL CONFIG FILE ERROR (Redis 6.2.6) ***
Reading the configuration file, at line 993
>>> 'allkeys-lru'
Bad directive or wrong number of arguments

*** FATAL CONFIG FILE ERROR (Redis 6.2.6) ***
Reading the configuration file, at line 993
>>> 'allkeys-lru'
Bad directive or wrong number of arguments

*** FATAL CONFIG FILE ERROR (Redis 6.2.6) ***
Reading the configuration file, at line 993
>>> 'allkeys-lru'
Bad directive or wrong number of arguments

*** FATAL CONFIG FILE ERROR (Redis 6.2.6) ***
Reading the configuration file, at line 993
>>> 'allkeys-lru'
Bad directive or wrong number of arguments

*** FATAL CONFIG FILE ERROR (Redis 6.2.6) ***
Reading the configuration file, at line 993
>>> 'allkeys-lru'
Bad directive or wrong number of arguments

*** FATAL CONFIG FILE ERROR (Redis 6.2.6) ***
Reading the configuration file, at line 993
>>> 'allkeys-lru'
Bad directive or wrong number of arguments

*** FATAL CONFIG FILE ERROR (Redis 6.2.6) ***
Reading the configuration file, at line 993
>>> 'allkeys-lru'
Bad directive or wrong number of arguments

*** FATAL CONFIG FILE ERROR (Redis 6.2.6) ***
Reading the configuration file, at line 993
>>> 'allkeys-lru'
Bad directive or wrong number of arguments

*** FATAL CONFIG FILE ERROR (Redis 6.2.6) ***
Reading the configuration file, at line 993
>>> 'allkeys-lru'
Bad directive or wrong number of arguments

*** FATAL CONFIG FILE ERROR (Redis 6.2.6) ***
Reading the configuration file, at line 993
>>> 'allkeys-lru'
Bad directive or wrong number of arguments

*** FATAL CONFIG FILE ERROR (Redis 6.2.6) ***
Reading the configuration file, at line 993
>>> 'allkeys-lru'
Bad directive or wrong number of arguments

*** FATAL CONFIG FILE ERROR (Redis 6.2.6) ***
Reading the configuration file, at line 993
>>> 'allkeys-lru'
Bad directive or wrong number of arguments

*** FATAL CONFIG FILE ERROR (Redis 6.2.6) ***
Reading the configuration file, at line 993
>>> 'allkeys-lru'
Bad directive or wrong number of arguments

*** FATAL CONFIG FILE ERROR (Redis 6.2.6) ***
Reading the configuration file, at line 993
>>> 'allkeys-lru'
Bad directive or wrong number of arguments

*** FATAL CONFIG FILE ERROR (Redis 6.2.6) ***
Reading the configuration file, at line 993
>>> 'allkeys-lru'
Bad directive or wrong number of arguments

*** FATAL CONFIG FILE ERROR (Redis 6.2.6) ***
Reading the configuration file, at line 993
>>> 'allkeys-lru'
Bad directive or wrong number of arguments

*** FATAL CONFIG FILE ERROR (Redis 6.2.6) ***
Reading the configuration file, at line 993
>>> 'allkeys-lru'
Bad directive or wrong number of arguments

*** FATAL CONFIG FILE ERROR (Redis 6.2.6) ***
Reading the configuration file, at line 993
>>> 'allkeys-lru'
Bad directive or wrong number of arguments

*** FATAL CONFIG FILE ERROR (Redis 6.2.6) ***
Reading the configuration file, at line 993
>>> 'allkeys-lru'
Bad directive or wrong number of arguments

*** FATAL CONFIG FILE ERROR (Redis 6.2.6) ***
Reading the configuration file, at line 993
>>> 'allkeys-lru'
Bad directive or wrong number of arguments

*** FATAL CONFIG FILE ERROR (Redis 6.2.6) ***
Reading the configuration file, at line 993
>>> 'allkeys-lru'
Bad directive or wrong number of arguments

*** FATAL CONFIG FILE ERROR (Redis 6.2.6) ***
Reading the configuration file, at line 993
>>> 'allkeys-lru'
Bad directive or wrong number of arguments

*** FATAL CONFIG FILE ERROR (Redis 6.2.6) ***
Reading the configuration file, at line 993
>>> 'allkeys-lru'
Bad directive or wrong number of arguments

*** FATAL CONFIG FILE ERROR (Redis 6.2.6) ***
Reading the configuration file, at line 993
>>> 'allkeys-lru'
Bad directive or wrong number of arguments

*** FATAL CONFIG FILE ERROR (Redis 6.2.6) ***
Reading the configuration file, at line 993
>>> 'allkeys-lru'
Bad directive or wrong number of arguments

*** FATAL CONFIG FILE ERROR (Redis 6.2.6) ***
Reading the configuration file, at line 993
>>> 'allkeys-lru'
Bad directive or wrong number of arguments

*** FATAL CONFIG FILE ERROR (Redis 6.2.6) ***
Reading the configuration file, at line 993
>>> 'allkeys-lru'
Bad directive or wrong number of arguments

*** FATAL CONFIG FILE ERROR (Redis 6.2.6) ***
Reading the configuration file, at line 993
>>> 'allkeys-lru'
Bad directive or wrong number of arguments

*** FATAL CONFIG FILE ERROR (Redis 6.2.6) ***
Reading the configuration file, at line 993
>>> 'allkeys-lru'
Bad directive or wrong number of arguments

*** FATAL CONFIG FILE ERROR (Redis 6.2.6) ***
Reading the configuration file, at line 993
>>> 'allkeys-lru'
Bad directive or wrong number of arguments

*** FATAL CONFIG FILE ERROR (Redis 6.2.6) ***
Reading the configuration file, at line 993
>>> 'allkeys-lru'
Bad directive or wrong number of arguments

*** FATAL CONFIG FILE ERROR (Redis 6.2.6) ***
Reading the configuration file, at line 993
>>> 'allkeys-lru'
Bad directive or wrong number of arguments

*** FATAL CONFIG FILE ERROR (Redis 6.2.6) ***
Reading the configuration file, at line 993
>>> 'allkeys-lru'
Bad directive or wrong number of arguments

*** FATAL CONFIG FILE ERROR (Redis 6.2.6) ***
Reading the configuration file, at line 993
>>> 'allkeys-lru'
Bad directive or wrong number of arguments

*** FATAL CONFIG FILE ERROR (Redis 6.2.6) ***
Reading the configuration file, at line 993
>>> 'allkeys-lru'
Bad directive or wrong number of arguments

*** FATAL CONFIG FILE ERROR (Redis 6.2.6) ***
Reading the configuration file, at line 993
>>> 'allkeys-lru'
Bad directive or wrong number of arguments

*** FATAL CONFIG FILE ERROR (Redis 6.2.6) ***
Reading the configuration file, at line 993
>>> 'allkeys-lru'
Bad directive or wrong number of arguments

*** FATAL CONFIG FILE ERROR (Redis 6.2.6) ***
Reading the configuration file, at line 993
>>> 'allkeys-lru'
Bad directive or wrong number of arguments

*** FATAL CONFIG FILE ERROR (Redis 6.2.6) ***
Reading the configuration file, at line 993
>>> 'allkeys-lru'
Bad directive or wrong number of arguments

*** FATAL CONFIG FILE ERROR (Redis 6.2.6) ***
Reading the configuration file, at line 993
>>> 'allkeys-lru'
Bad directive or wrong number of arguments

*** FATAL CONFIG FILE ERROR (Redis 6.2.6) ***
Reading the configuration file, at line 993
>>> 'allkeys-lru'
Bad directive or wrong number of arguments

*** FATAL CONFIG FILE ERROR (Redis 6.2.6) ***
Reading the configuration file, at line 993
>>> 'allkeys-lru'
Bad directive or wrong number of arguments

*** FATAL CONFIG FILE ERROR (Redis 6.2.6) ***
Reading the configuration file, at line 993
>>> 'allkeys-lru'
Bad directive or wrong number of arguments

*** FATAL CONFIG FILE ERROR (Redis 6.2.6) ***
Reading the configuration file, at line 993
>>> 'allkeys-lru'
Bad directive or wrong number of arguments

*** FATAL CONFIG FILE ERROR (Redis 6.2.6) ***
Reading the configuration file, at line 993
>>> 'allkeys-lru'
Bad directive or wrong number of arguments

*** FATAL CONFIG FILE ERROR (Redis 6.2.6) ***
Reading the configuration file, at line 993
>>> 'allkeys-lru'
Bad directive or wrong number of arguments

*** FATAL CONFIG FILE ERROR (Redis 6.2.6) ***
Reading the configuration file, at line 993
>>> 'allkeys-lru'
Bad directive or wrong number of arguments

*** FATAL CONFIG FILE ERROR (Redis 6.2.6) ***
Reading the configuration file, at line 993
>>> 'allkeys-lru'
Bad directive or wrong number of arguments

*** FATAL CONFIG FILE ERROR (Redis 6.2.6) ***
Reading the configuration file, at line 993
>>> 'allkeys-lru'
Bad directive or wrong number of arguments

*** FATAL CONFIG FILE ERROR (Redis 6.2.6) ***
Reading the configuration file, at line 993
>>> 'allkeys-lru'
Bad directive or wrong number of arguments

*** FATAL CONFIG FILE ERROR (Redis 6.2.6) ***
Reading the configuration file, at line 993
>>> 'allkeys-lru'
Bad directive or wrong number of arguments

*** FATAL CONFIG FILE ERROR (Redis 6.2.6) ***
Reading the configuration file, at line 993
>>> 'allkeys-lru'
Bad directive or wrong number of arguments

*** FATAL CONFIG FILE ERROR (Redis 6.2.6) ***
Reading the configuration file, at line 993
>>> 'allkeys-lru'
Bad directive or wrong number of arguments

*** FATAL CONFIG FILE ERROR (Redis 6.2.6) ***
Reading the configuration file, at line 993
>>> 'allkeys-lru'
Bad directive or wrong number of arguments

*** FATAL CONFIG FILE ERROR (Redis 6.2.6) ***
Reading the configuration file, at line 993
>>> 'allkeys-lru'
Bad directive or wrong number of arguments

*** FATAL CONFIG FILE ERROR (Redis 6.2.6) ***
Reading the configuration file, at line 993
>>> 'allkeys-lru'
Bad directive or wrong number of arguments

*** FATAL CONFIG FILE ERROR (Redis 6.2.6) ***
Reading the configuration file, at line 993
>>> 'allkeys-lru'
Bad directive or wrong number of arguments

*** FATAL CONFIG FILE ERROR (Redis 6.2.6) ***
Reading the configuration file, at line 993
>>> 'allkeys-lru'
Bad directive or wrong number of arguments

*** FATAL CONFIG FILE ERROR (Redis 6.2.6) ***
Reading the configuration file, at line 993
>>> 'allkeys-lru'
Bad directive or wrong number of arguments

*** FATAL CONFIG FILE ERROR (Redis 6.2.6) ***
Reading the configuration file, at line 993
>>> 'allkeys-lru'
Bad directive or wrong number of arguments

*** FATAL CONFIG FILE ERROR (Redis 6.2.6) ***
Reading the configuration file, at line 993
>>> 'allkeys-lru'
Bad directive or wrong number of arguments

*** FATAL CONFIG FILE ERROR (Redis 6.2.6) ***
Reading the configuration file, at line 993
>>> 'allkeys-lru'
Bad directive or wrong number of arguments

*** FATAL CONFIG FILE ERROR (Redis 6.2.6) ***
Reading the configuration file, at line 993
>>> 'allkeys-lru'
Bad directive or wrong number of arguments

*** FATAL CONFIG FILE ERROR (Redis 6.2.6) ***
Reading the configuration file, at line 993
>>> 'allkeys-lru'
Bad directive or wrong number of arguments

*** FATAL CONFIG FILE ERROR (Redis 6.2.6) ***
Reading the configuration file, at line 993
>>> 'allkeys-lru'
Bad directive or wrong number of arguments

*** FATAL CONFIG FILE ERROR (Redis 6.2.6) ***
Reading the configuration file, at line 993
>>> 'allkeys-lru'
Bad directive or wrong number of arguments

*** FATAL CONFIG FILE ERROR (Redis 6.2.6) ***
Reading the configuration file, at line 993
>>> 'allkeys-lru'
Bad directive or wrong number of arguments

*** FATAL CONFIG FILE ERROR (Redis 6.2.6) ***

*** FATAL CONFIG FILE ERROR (Redis 6.2.6) ***
Reading the configuration file, at line 993
Reading the configuration file, at line 993
>>> 'allkeys-lru'
>>> 'allkeys-lru'
Bad directive or wrong number of arguments
Bad directive or wrong number of arguments

*** FATAL CONFIG FILE ERROR (Redis 6.2.6) ***
Reading the configuration file, at line 993
>>> 'allkeys-lru'
Bad directive or wrong number of arguments

*** FATAL CONFIG FILE ERROR (Redis 6.2.6) ***
Reading the configuration file, at line 993
>>> 'allkeys-lru'
Bad directive or wrong number of arguments

*** FATAL CONFIG FILE ERROR (Redis 6.2.6) ***
Reading the configuration file, at line 993
>>> 'allkeys-lru'
Bad directive or wrong number of arguments

*** FATAL CONFIG FILE ERROR (Redis 6.2.6) ***
Reading the configuration file, at line 993
>>> 'allkeys-lru'
Bad directive or wrong number of arguments

*** FATAL CONFIG FILE ERROR (Redis 6.2.6) ***
Reading the configuration file, at line 993
>>> 'allkeys-lru'
Bad directive or wrong number of arguments

*** FATAL CONFIG FILE ERROR (Redis 6.2.6) ***
Reading the configuration file, at line 993
>>> 'allkeys-lru'
Bad directive or wrong number of arguments

*** FATAL CONFIG FILE ERROR (Redis 6.2.6) ***
Reading the configuration file, at line 993
>>> 'allkeys-lru'
Bad directive or wrong number of arguments

*** FATAL CONFIG FILE ERROR (Redis 6.2.6) ***
Reading the configuration file, at line 993
>>> 'allkeys-lru'
Bad directive or wrong number of arguments

*** FATAL CONFIG FILE ERROR (Redis 6.2.6) ***
Reading the configuration file, at line 993
>>> 'allkeys-lru'
Bad directive or wrong number of arguments

*** FATAL CONFIG FILE ERROR (Redis 6.2.6) ***
Reading the configuration file, at line 993
>>> 'allkeys-lru'
Bad directive or wrong number of arguments

*** FATAL CONFIG FILE ERROR (Redis 6.2.6) ***
Reading the configuration file, at line 993
>>> 'allkeys-lru'
Bad directive or wrong number of arguments

*** FATAL CONFIG FILE ERROR (Redis 6.2.6) ***
Reading the configuration file, at line 993
>>> 'allkeys-lru'
Bad directive or wrong number of arguments

*** FATAL CONFIG FILE ERROR (Redis 6.2.6) ***
Reading the configuration file, at line 993
>>> 'allkeys-lru'
Bad directive or wrong number of arguments

*** FATAL CONFIG FILE ERROR (Redis 6.2.6) ***
Reading the configuration file, at line 993
>>> 'allkeys-lru'
Bad directive or wrong number of arguments

*** FATAL CONFIG FILE ERROR (Redis 6.2.6) ***
Reading the configuration file, at line 993
>>> 'allkeys-lru'
Bad directive or wrong number of arguments
[2022-02-03 13:56:38 +0100] [88111] [INFO] Starting gunicorn 20.1.0
[2022-02-03 13:56:38 +0100] [88111] [INFO] Listening at: http://0.0.0.0:8050 (88111)
[2022-02-03 13:56:38 +0100] [88111] [INFO] Using worker: sync
[2022-02-03 13:56:38 +0100] [88112] [INFO] Booting worker with pid: 88112
[2022-02-03 13:56:38 +0100] [88113] [INFO] Booting worker with pid: 88113
[2022-02-03 13:56:38 +0100] [88114] [INFO] Booting worker with pid: 88114
[2022-02-03 13:56:38 +0100] [88115] [INFO] Booting worker with pid: 88115
2022-02-03 13:56:38.290 INFO main - <module>: Starting import chain	MemTotal: 53.83984375

*** FATAL CONFIG FILE ERROR (Redis 6.2.6) ***
Reading the configuration file, at line 993
>>> 'allkeys-lru'
Bad directive or wrong number of arguments
2022-02-03 13:56:38.327 INFO main - <module>: Starting import chain	MemTotal: 53.83984375

*** FATAL CONFIG FILE ERROR (Redis 6.2.6) ***
Reading the configuration file, at line 993
>>> 'allkeys-lru'
Bad directive or wrong number of arguments
2022-02-03 13:56:38.376 INFO main - <module>: Starting import chain	MemTotal: 53.84375

*** FATAL CONFIG FILE ERROR (Redis 6.2.6) ***
Reading the configuration file, at line 993
>>> 'allkeys-lru'
Bad directive or wrong number of arguments
2022-02-03 13:56:38.453 INFO main - <module>: Starting import chain	MemTotal: 53.83984375

*** FATAL CONFIG FILE ERROR (Redis 6.2.6) ***
Reading the configuration file, at line 993
>>> 'allkeys-lru'
Bad directive or wrong number of arguments
2022-02-03 13:56:39.649 INFO app - <module>: Memory use before any global variable declaration	MemTotal: 169.453125
2022-02-03 13:56:39.649 INFO maldi_data - __init__: Initializing MaldiData object	MemTotal: 169.453125
2022-02-03 13:56:39.742 INFO app - <module>: Memory use before any global variable declaration	MemTotal: 169.453125
2022-02-03 13:56:39.743 INFO maldi_data - __init__: Initializing MaldiData object	MemTotal: 169.453125
2022-02-03 13:56:39.753 INFO app - <module>: Memory use before any global variable declaration	MemTotal: 169.44140625
2022-02-03 13:56:39.753 INFO maldi_data - __init__: Initializing MaldiData object	MemTotal: 169.44140625
2022-02-03 13:56:39.826 INFO atlas - __init__: Initializing Atlas object	MemTotal: 206.46875
2022-02-03 13:56:39.846 INFO app - <module>: Memory use before any global variable declaration	MemTotal: 169.453125
2022-02-03 13:56:39.847 INFO maldi_data - __init__: Initializing MaldiData object	MemTotal: 169.453125
2022-02-03 13:56:39.855 INFO atlas - __init__: Initializing Atlas object	MemTotal: 206.47265625
2022-02-03 13:56:39.880 INFO atlas - __init__: Initializing Atlas object	MemTotal: 206.46484375
2022-02-03 13:56:39.974 INFO atlas - __init__: Initializing Atlas object	MemTotal: 206.484375
2022-02-03 13:56:40.197 INFO misc - return_pickled_object: Returning dic_acronym_children_id.pickle from pickled file.	MemTotal: 502.7421875
2022-02-03 13:56:40.287 INFO misc - return_pickled_object: Returning dic_acronym_children_id.pickle from pickled file.	MemTotal: 502.7421875
2022-02-03 13:56:40.324 INFO misc - return_pickled_object: Returning dic_acronym_children_id.pickle from pickled file.	MemTotal: 502.734375
2022-02-03 13:56:40.426 INFO misc - return_pickled_object: Returning dic_acronym_children_id.pickle from pickled file.	MemTotal: 502.74609375
2022-02-03 13:56:41.401 INFO misc - return_pickled_object: Returning hierarchy.pickle from pickled file.	MemTotal: 943.90234375
2022-02-03 13:56:41.402 INFO misc - return_pickled_object: Returning arrays_projection_corrected_True_True.pickle from pickled file.	MemTotal: 944.0234375
2022-02-03 13:56:41.404 INFO misc - return_pickled_object: Returning hierarchy.pickle from pickled file.	MemTotal: 943.90234375
2022-02-03 13:56:41.405 INFO misc - return_pickled_object: Returning arrays_projection_corrected_True_True.pickle from pickled file.	MemTotal: 943.96875
2022-02-03 13:56:41.585 INFO misc - return_pickled_object: Returning hierarchy.pickle from pickled file.	MemTotal: 943.89453125
2022-02-03 13:56:41.585 INFO misc - return_pickled_object: Returning arrays_projection_corrected_True_True.pickle from pickled file.	MemTotal: 944.0234375
2022-02-03 13:56:41.637 INFO misc - return_pickled_object: Returning dic_mask_images.pickle from pickled file.	MemTotal: 1091.078125
2022-02-03 13:56:41.646 INFO figures - __init__: Initializing Figures object	MemTotal: 1091.20703125
2022-02-03 13:56:41.646 INFO misc - return_pickled_object: Returning dic_fig_contours.pickle from pickled file.	MemTotal: 1091.20703125
2022-02-03 13:56:41.646 INFO misc - return_pickled_object: Returning dic_mask_images.pickle from pickled file.	MemTotal: 1091.078125
2022-02-03 13:56:41.651 INFO figures - __init__: Initializing Figures object	MemTotal: 1091.1484375
2022-02-03 13:56:41.651 INFO misc - return_pickled_object: Returning dic_fig_contours.pickle from pickled file.	MemTotal: 1091.1484375
2022-02-03 13:56:41.712 INFO misc - return_pickled_object: Returning hierarchy.pickle from pickled file.	MemTotal: 943.91015625
2022-02-03 13:56:41.712 INFO misc - return_pickled_object: Returning arrays_projection_corrected_True_True.pickle from pickled file.	MemTotal: 944.03515625
2022-02-03 13:56:41.907 INFO misc - return_pickled_object: Returning dic_mask_images.pickle from pickled file.	MemTotal: 1091.0703125
2022-02-03 13:56:41.913 INFO figures - __init__: Initializing Figures object	MemTotal: 1091.203125
2022-02-03 13:56:41.913 INFO misc - return_pickled_object: Returning dic_fig_contours.pickle from pickled file.	MemTotal: 1091.203125
2022-02-03 13:56:42.022 INFO misc - return_pickled_object: Returning dic_mask_images.pickle from pickled file.	MemTotal: 1091.0859375
2022-02-03 13:56:42.027 INFO figures - __init__: Initializing Figures object	MemTotal: 1091.21484375
2022-02-03 13:56:42.027 INFO misc - return_pickled_object: Returning dic_fig_contours.pickle from pickled file.	MemTotal: 1091.21484375
2022-02-03 13:56:42.367 INFO app - <module>: Memory use after three main object have been instantiated	MemTotal: 1128.02734375
2022-02-03 13:56:42.375 INFO app - <module>: Memory use after three main object have been instantiated	MemTotal: 1128.0234375
2022-02-03 13:56:42.388 INFO misc - return_pickled_object: Returning figure_basic_image_warped_data_1_False.pickle from pickled file.	MemTotal: 1128.76171875
2022-02-03 13:56:42.394 INFO misc - return_pickled_object: Returning figure_basic_image_warped_data_1_False.pickle from pickled file.	MemTotal: 1128.76171875
2022-02-03 13:56:42.708 INFO app - <module>: Memory use after three main object have been instantiated	MemTotal: 1128.0234375
2022-02-03 13:56:42.728 INFO misc - return_pickled_object: Returning figure_basic_image_warped_data_1_False.pickle from pickled file.	MemTotal: 1128.765625
2022-02-03 13:56:42.793 INFO app - <module>: Memory use after three main object have been instantiated	MemTotal: 1128.03515625
2022-02-03 13:56:42.814 INFO misc - return_pickled_object: Returning figure_basic_image_warped_data_1_False.pickle from pickled file.	MemTotal: 1128.796875
2022-02-03 13:56:43.909 INFO misc - convert_image_to_base64: png mode selected, quality argument is not supported
2022-02-03 13:56:43.980 INFO misc - convert_image_to_base64: png mode selected, quality argument is not supported
2022-02-03 13:56:44.013 INFO misc - return_pickled_object: Returning set_masks_0.pickle from pickled file.	MemTotal: 1172.62890625
2022-02-03 13:56:44.014 INFO misc - return_pickled_object: Returning figure_basic_image_projection_corrected_0_False_True.pickle from pickled file.	MemTotal: 1172.69921875
2022-02-03 13:56:44.025 INFO misc - return_pickled_object: treemaps.pickle could not be found or force_update is True. Computing the object and pickling it now.
2022-02-03 13:56:44.081 INFO misc - return_pickled_object: treemaps.pickle being returned now from computation.
2022-02-03 13:56:44.083 INFO misc - return_pickled_object: Returning sunburst.pickle from pickled file.	MemTotal: 1174.3359375
2022-02-03 13:56:44.092 INFO misc - return_pickled_object: Returning set_masks_0.pickle from pickled file.	MemTotal: 1172.6796875
2022-02-03 13:56:44.093 INFO misc - return_pickled_object: Returning figure_basic_image_projection_corrected_0_False_True.pickle from pickled file.	MemTotal: 1172.6796875
2022-02-03 13:56:44.097 INFO misc - return_pickled_object: Returning atlas_with_slider_frontal_False.pickle from pickled file.	MemTotal: 1174.53125
2022-02-03 13:56:44.105 INFO misc - return_pickled_object: treemaps.pickle could not be found or force_update is True. Computing the object and pickling it now.
2022-02-03 13:56:44.117 INFO misc - return_pickled_object: Returning _None.pickle from pickled file.	MemTotal: 1174.98828125
2022-02-03 13:56:44.157 INFO misc - return_pickled_object: treemaps.pickle being returned now from computation.
2022-02-03 13:56:44.159 INFO misc - return_pickled_object: Returning sunburst.pickle from pickled file.	MemTotal: 1174.23828125
2022-02-03 13:56:44.173 INFO misc - return_pickled_object: Returning atlas_with_slider_frontal_False.pickle from pickled file.	MemTotal: 1174.44921875
2022-02-03 13:56:44.179 INFO misc - convert_image_to_base64: png mode selected, quality argument is not supported
2022-02-03 13:56:44.194 INFO misc - return_pickled_object: Returning _None.pickle from pickled file.	MemTotal: 1174.9609375
2022-02-03 13:56:44.287 INFO misc - return_pickled_object: Returning set_masks_0.pickle from pickled file.	MemTotal: 1172.69140625
2022-02-03 13:56:44.288 INFO misc - return_pickled_object: Returning figure_basic_image_projection_corrected_0_False_True.pickle from pickled file.	MemTotal: 1172.69140625
2022-02-03 13:56:44.299 INFO misc - return_pickled_object: treemaps.pickle could not be found or force_update is True. Computing the object and pickling it now.
2022-02-03 13:56:44.330 INFO misc - convert_image_to_base64: png mode selected, quality argument is not supported
2022-02-03 13:56:44.355 INFO misc - return_pickled_object: treemaps.pickle being returned now from computation.
2022-02-03 13:56:44.356 INFO misc - return_pickled_object: Returning sunburst.pickle from pickled file.	MemTotal: 1174.30078125
2022-02-03 13:56:44.370 INFO misc - return_pickled_object: Returning atlas_with_slider_frontal_False.pickle from pickled file.	MemTotal: 1174.5
2022-02-03 13:56:44.390 INFO misc - return_pickled_object: Returning _None.pickle from pickled file.	MemTotal: 1174.98828125
2022-02-03 13:56:44.438 INFO misc - return_pickled_object: Returning set_masks_0.pickle from pickled file.	MemTotal: 1172.6796875
2022-02-03 13:56:44.439 INFO misc - return_pickled_object: Returning figure_basic_image_projection_corrected_0_False_True.pickle from pickled file.	MemTotal: 1172.6953125
2022-02-03 13:56:44.451 INFO misc - return_pickled_object: treemaps.pickle could not be found or force_update is True. Computing the object and pickling it now.
2022-02-03 13:56:44.503 INFO misc - return_pickled_object: treemaps.pickle being returned now from computation.
2022-02-03 13:56:44.504 INFO misc - return_pickled_object: Returning sunburst.pickle from pickled file.	MemTotal: 1174.3203125
2022-02-03 13:56:44.518 INFO misc - return_pickled_object: Returning atlas_with_slider_frontal_False.pickle from pickled file.	MemTotal: 1174.44921875
2022-02-03 13:56:44.543 INFO misc - return_pickled_object: Returning _None.pickle from pickled file.	MemTotal: 1174.96484375
[2022-02-03 13:57:10 +0100] [88217] [INFO] Starting gunicorn 20.1.0
[2022-02-03 13:57:10 +0100] [88217] [ERROR] Connection in use: ('', 8050)
[2022-02-03 13:57:10 +0100] [88217] [ERROR] Retrying in 1 second.
[2022-02-03 13:57:11 +0100] [88217] [ERROR] Connection in use: ('', 8050)
[2022-02-03 13:57:11 +0100] [88217] [ERROR] Retrying in 1 second.
[2022-02-03 13:57:12 +0100] [88217] [ERROR] Connection in use: ('', 8050)
[2022-02-03 13:57:12 +0100] [88217] [ERROR] Retrying in 1 second.
[2022-02-03 13:57:13 +0100] [88217] [ERROR] Connection in use: ('', 8050)
[2022-02-03 13:57:13 +0100] [88217] [ERROR] Retrying in 1 second.
[2022-02-03 13:57:14 +0100] [88217] [ERROR] Connection in use: ('', 8050)
[2022-02-03 13:57:14 +0100] [88217] [ERROR] Retrying in 1 second.
[2022-02-03 13:57:15 +0100] [88217] [ERROR] Can't connect to ('', 8050)
2022-02-03 13:57:20.659 INFO index - render_page_content: Page/3D-explorationhas been selected	MemTotal: 1175.67578125
2022-02-03 13:57:20.659 INFO misc - return_pickled_object: treemaps.pickle could not be found or force_update is True. Computing the object and pickling it now.
2022-02-03 13:57:20.691 INFO misc - return_pickled_object: treemaps.pickle being returned now from computation.
2022-02-03 13:57:27.421 WARNING threeD_exploration - page_2bis_add_toast_selection: More than one lipid corresponds to the selection
2022-02-03 13:57:27.432 WARNING threeD_exploration - page_2bis_add_toast_selection: More than one lipid corresponds to the selection
2022-02-03 13:57:27.447 WARNING threeD_exploration - page_2bis_add_toast_selection: More than one lipid corresponds to the selection
2022-02-03 13:57:28.234 INFO threeD_exploration - page_2bis_plot_graph_heatmap_mz_selection: For the computation of 3D volume, decrease_resolution_factor is 6
2022-02-03 13:57:28.240 INFO misc - return_pickled_object: Returning volume_interpolated_3D_CER 2010008_40:1 H___SS__.pickle from pickled file.	MemTotal: 1176.04296875
2022-02-03 14:00:55.859 INFO index - render_page_content: Page/3D-explorationhas been selected	MemTotal: 1176.265625
2022-02-03 14:00:55.860 INFO misc - return_pickled_object: treemaps.pickle could not be found or force_update is True. Computing the object and pickling it now.
2022-02-03 14:00:55.897 INFO misc - return_pickled_object: treemaps.pickle being returned now from computation.
2022-02-03 14:01:00.053 INFO index - render_page_content: Page/atlas-explorationhas been selected	MemTotal: 1175.68359375
2022-02-03 14:01:00.053 INFO misc - return_pickled_object: Returning sunburst.pickle from pickled file.	MemTotal: 1175.68359375
2022-02-03 14:01:00.067 INFO misc - return_pickled_object: Returning atlas_with_slider_frontal_False.pickle from pickled file.	MemTotal: 1175.80078125
2022-02-03 14:01:00.083 INFO misc - return_pickled_object: Returning _None.pickle from pickled file.	MemTotal: 1176.0546875
2022-02-03 14:01:04.318 INFO misc - return_pickled_object: Returning _mfbs.pickle from pickled file.	MemTotal: 1186.01953125
2022-02-03 14:01:09.499 INFO misc - return_pickled_object: atlas_with_slider_horizontal_False.pickle could not be found or force_update is True. Computing the object and pickling it now.
2022-02-03 14:01:09.664 INFO misc - convert_image_to_base64: png mode selected, quality argument is not supported
2022-02-03 14:01:09.672 INFO misc - convert_image_to_base64: png mode selected, quality argument is not supported
2022-02-03 14:01:09.684 INFO misc - convert_image_to_base64: png mode selected, quality argument is not supported
2022-02-03 14:01:09.702 INFO misc - convert_image_to_base64: png mode selected, quality argument is not supported
2022-02-03 14:01:09.725 INFO misc - convert_image_to_base64: png mode selected, quality argument is not supported
2022-02-03 14:01:09.751 INFO misc - convert_image_to_base64: png mode selected, quality argument is not supported
2022-02-03 14:01:09.781 INFO misc - convert_image_to_base64: png mode selected, quality argument is not supported
2022-02-03 14:01:09.815 INFO misc - convert_image_to_base64: png mode selected, quality argument is not supported
2022-02-03 14:01:09.854 INFO misc - convert_image_to_base64: png mode selected, quality argument is not supported
2022-02-03 14:01:09.893 INFO misc - convert_image_to_base64: png mode selected, quality argument is not supported
2022-02-03 14:01:09.934 INFO misc - convert_image_to_base64: png mode selected, quality argument is not supported
2022-02-03 14:01:09.984 INFO misc - convert_image_to_base64: png mode selected, quality argument is not supported
2022-02-03 14:01:10.030 INFO misc - convert_image_to_base64: png mode selected, quality argument is not supported
2022-02-03 14:01:10.081 INFO misc - convert_image_to_base64: png mode selected, quality argument is not supported
2022-02-03 14:01:10.120 INFO misc - convert_image_to_base64: png mode selected, quality argument is not supported
2022-02-03 14:01:10.143 INFO misc - convert_image_to_base64: png mode selected, quality argument is not supported
2022-02-03 14:01:10.162 INFO misc - return_pickled_object: atlas_with_slider_horizontal_False.pickle being returned now from computation.
2022-02-03 14:01:11.153 INFO misc - return_pickled_object: Returning atlas_with_slider_frontal_False.pickle from pickled file.	MemTotal: 1191.95703125
2022-02-03 14:01:12.667 INFO index - render_page_content: Page/3D-explorationhas been selected	MemTotal: 1191.95703125
2022-02-03 14:01:12.667 INFO misc - return_pickled_object: treemaps.pickle could not be found or force_update is True. Computing the object and pickling it now.
2022-02-03 14:01:12.702 INFO misc - return_pickled_object: treemaps.pickle being returned now from computation.
2022-02-03 14:02:55.415 INFO index - render_page_content: Page/lipid-selectionhas been selected	MemTotal: 1196.6640625
2022-02-03 14:02:55.614 INFO misc - convert_image_to_base64: png mode selected, quality argument is not supported
2022-02-03 14:02:56.570 INFO lipid_selection - page_2_plot_graph_heatmap_mz_selection: Entering function to plot heatmap or RGB depending on lipid selection
2022-02-03 14:02:58.746 INFO index - render_page_content: Page/region-analysishas been selected	MemTotal: 1191.95703125
2022-02-03 14:02:58.747 INFO misc - return_pickled_object: Returning set_masks_0.pickle from pickled file.	MemTotal: 1191.95703125
2022-02-03 14:02:58.748 INFO misc - return_pickled_object: Returning figure_basic_image_projection_corrected_0_False_True.pickle from pickled file.	MemTotal: 1191.95703125
2022-02-03 14:02:59.074 INFO misc - return_pickled_object: Returning set_masks_0.pickle from pickled file.	MemTotal: 1325.3515625
2022-02-03 14:02:59.074 INFO misc - return_pickled_object: Returning figure_basic_image_projection_corrected_0_False.pickle from pickled file.	MemTotal: 1176.2734375

*** FATAL CONFIG FILE ERROR (Redis 6.2.6) ***
Reading the configuration file, at line 993
>>> 'allkeys-lru'
Bad directive or wrong number of arguments
[2022-02-03 16:08:30 +0100] [88111] [INFO] Handling signal: hup
[2022-02-03 16:08:30 +0100] [88111] [INFO] Hang up: Master
[2022-02-03 16:08:30 +0100] [99241] [INFO] Booting worker with pid: 99241
[2022-02-03 16:08:30 +0100] [99242] [INFO] Booting worker with pid: 99242
[2022-02-03 16:08:31 +0100] [99243] [INFO] Booting worker with pid: 99243
[2022-02-03 16:08:31 +0100] [99244] [INFO] Booting worker with pid: 99244
[2022-02-03 16:08:31 +0100] [88111] [WARNING] Worker with pid 88115 was terminated due to signal 1
[2022-02-03 16:08:31 +0100] [88111] [WARNING] Worker with pid 88113 was terminated due to signal 1
[2022-02-03 16:08:31 +0100] [88111] [WARNING] Worker with pid 88114 was terminated due to signal 1
[2022-02-03 16:08:31 +0100] [88111] [WARNING] Worker with pid 88112 was terminated due to signal 1
2022-02-03 16:08:31.307 INFO main - <module>: Starting import chain	MemTotal: 53.8671875
2022-02-03 16:08:31.309 INFO main - <module>: Starting import chain	MemTotal: 53.87109375
2022-02-03 16:08:31.311 INFO main - <module>: Starting import chain	MemTotal: 53.8671875
2022-02-03 16:08:31.311 INFO main - <module>: Starting import chain	MemTotal: 53.8671875

*** FATAL CONFIG FILE ERROR (Redis 6.2.6) ***

*** FATAL CONFIG FILE ERROR (Redis 6.2.6) ***
Reading the configuration file, at line 993

*** FATAL CONFIG FILE ERROR (Redis 6.2.6) ***

*** FATAL CONFIG FILE ERROR (Redis 6.2.6) ***
Reading the configuration file, at line 993
>>> 'allkeys-lru'
Reading the configuration file, at line 993
Reading the configuration file, at line 993
>>> 'allkeys-lru'
Bad directive or wrong number of arguments
>>> 'allkeys-lru'
>>> 'allkeys-lru'
Bad directive or wrong number of arguments
Bad directive or wrong number of arguments
Bad directive or wrong number of arguments
2022-02-03 16:08:33.214 INFO app - <module>: Memory use before any global variable declaration	MemTotal: 169.46875
2022-02-03 16:08:33.214 INFO app - <module>: Memory use before any global variable declaration	MemTotal: 169.4765625
2022-02-03 16:08:33.214 INFO app - <module>: Memory use before any global variable declaration	MemTotal: 169.46875
2022-02-03 16:08:33.214 INFO app - <module>: Memory use before any global variable declaration	MemTotal: 169.4765625
2022-02-03 16:08:33.214 INFO maldi_data - __init__: Initializing MaldiData object	MemTotal: 169.46875
2022-02-03 16:08:33.214 INFO maldi_data - __init__: Initializing MaldiData object	MemTotal: 169.4765625
2022-02-03 16:08:33.214 INFO maldi_data - __init__: Initializing MaldiData object	MemTotal: 169.46875
2022-02-03 16:08:33.214 INFO maldi_data - __init__: Initializing MaldiData object	MemTotal: 169.4765625
2022-02-03 16:08:33.331 INFO atlas - __init__: Initializing Atlas object	MemTotal: 206.51171875
2022-02-03 16:08:33.332 INFO atlas - __init__: Initializing Atlas object	MemTotal: 206.5078125
2022-02-03 16:08:33.333 INFO atlas - __init__: Initializing Atlas object	MemTotal: 206.49609375
2022-02-03 16:08:33.333 INFO atlas - __init__: Initializing Atlas object	MemTotal: 206.515625
2022-02-03 16:08:33.966 INFO misc - return_pickled_object: Returning dic_acronym_children_id.pickle from pickled file.	MemTotal: 502.76953125
2022-02-03 16:08:33.966 INFO misc - return_pickled_object: Returning dic_acronym_children_id.pickle from pickled file.	MemTotal: 502.765625
2022-02-03 16:08:33.966 INFO misc - return_pickled_object: Returning dic_acronym_children_id.pickle from pickled file.	MemTotal: 502.7734375
2022-02-03 16:08:33.966 INFO misc - return_pickled_object: Returning dic_acronym_children_id.pickle from pickled file.	MemTotal: 502.7734375
2022-02-03 16:08:35.235 INFO misc - return_pickled_object: Returning hierarchy.pickle from pickled file.	MemTotal: 943.921875
2022-02-03 16:08:35.237 INFO misc - return_pickled_object: Returning arrays_projection_corrected_True_True.pickle from pickled file.	MemTotal: 944.04296875
2022-02-03 16:08:35.239 INFO misc - return_pickled_object: Returning hierarchy.pickle from pickled file.	MemTotal: 943.92578125
2022-02-03 16:08:35.239 INFO misc - return_pickled_object: Returning hierarchy.pickle from pickled file.	MemTotal: 943.91796875
2022-02-03 16:08:35.239 INFO misc - return_pickled_object: Returning hierarchy.pickle from pickled file.	MemTotal: 943.92578125
2022-02-03 16:08:35.240 INFO misc - return_pickled_object: Returning arrays_projection_corrected_True_True.pickle from pickled file.	MemTotal: 944.0390625
2022-02-03 16:08:35.240 INFO misc - return_pickled_object: Returning arrays_projection_corrected_True_True.pickle from pickled file.	MemTotal: 944.046875
2022-02-03 16:08:35.240 INFO misc - return_pickled_object: Returning arrays_projection_corrected_True_True.pickle from pickled file.	MemTotal: 944.046875
2022-02-03 16:08:35.685 INFO misc - return_pickled_object: Returning dic_mask_images.pickle from pickled file.	MemTotal: 1091.1015625
2022-02-03 16:08:35.685 INFO misc - return_pickled_object: Returning dic_mask_images.pickle from pickled file.	MemTotal: 1091.09765625
2022-02-03 16:08:35.685 INFO misc - return_pickled_object: Returning dic_mask_images.pickle from pickled file.	MemTotal: 1091.1015625
2022-02-03 16:08:35.686 INFO misc - return_pickled_object: Returning dic_mask_images.pickle from pickled file.	MemTotal: 1091.09375
2022-02-03 16:08:35.697 INFO figures - __init__: Initializing Figures object	MemTotal: 1091.1953125
2022-02-03 16:08:35.697 INFO figures - __init__: Initializing Figures object	MemTotal: 1091.234375
2022-02-03 16:08:35.697 INFO figures - __init__: Initializing Figures object	MemTotal: 1091.1875
2022-02-03 16:08:35.697 INFO figures - __init__: Initializing Figures object	MemTotal: 1091.1953125
2022-02-03 16:08:35.698 INFO misc - return_pickled_object: Returning dic_fig_contours.pickle from pickled file.	MemTotal: 1091.25390625
2022-02-03 16:08:35.698 INFO misc - return_pickled_object: Returning dic_fig_contours.pickle from pickled file.	MemTotal: 1091.234375
2022-02-03 16:08:35.698 INFO misc - return_pickled_object: Returning dic_fig_contours.pickle from pickled file.	MemTotal: 1091.1875
2022-02-03 16:08:35.698 INFO misc - return_pickled_object: Returning dic_fig_contours.pickle from pickled file.	MemTotal: 1091.24609375
2022-02-03 16:08:36.829 INFO app - <module>: Memory use after three main object have been instantiated	MemTotal: 1127.84765625
2022-02-03 16:08:36.831 INFO app - <module>: Memory use after three main object have been instantiated	MemTotal: 1127.91796875
2022-02-03 16:08:36.832 INFO app - <module>: Memory use after three main object have been instantiated	MemTotal: 1128.0546875
2022-02-03 16:08:36.832 INFO app - <module>: Memory use after three main object have been instantiated	MemTotal: 1128.05859375
2022-02-03 16:08:36.855 INFO misc - return_pickled_object: Returning figure_basic_image_warped_data_1_False.pickle from pickled file.	MemTotal: 1128.77734375
2022-02-03 16:08:36.855 INFO misc - return_pickled_object: Returning figure_basic_image_warped_data_1_False.pickle from pickled file.	MemTotal: 1128.73046875
2022-02-03 16:08:36.855 INFO misc - return_pickled_object: Returning figure_basic_image_warped_data_1_False.pickle from pickled file.	MemTotal: 1128.8125
2022-02-03 16:08:36.858 INFO misc - return_pickled_object: Returning figure_basic_image_warped_data_1_False.pickle from pickled file.	MemTotal: 1128.83984375
2022-02-03 16:08:38.337 INFO misc - convert_image_to_base64: png mode selected, quality argument is not supported
2022-02-03 16:08:38.349 INFO misc - convert_image_to_base64: png mode selected, quality argument is not supported
2022-02-03 16:08:38.363 INFO misc - convert_image_to_base64: png mode selected, quality argument is not supported
2022-02-03 16:08:38.367 INFO misc - convert_image_to_base64: png mode selected, quality argument is not supported
2022-02-03 16:08:38.466 INFO misc - return_pickled_object: Returning set_masks_0.pickle from pickled file.	MemTotal: 1172.4765625
2022-02-03 16:08:38.466 INFO misc - return_pickled_object: Returning set_masks_0.pickle from pickled file.	MemTotal: 1172.56640625
2022-02-03 16:08:38.467 INFO misc - return_pickled_object: Returning figure_basic_image_projection_corrected_0_False_True.pickle from pickled file.	MemTotal: 1172.4765625
2022-02-03 16:08:38.467 INFO misc - return_pickled_object: Returning figure_basic_image_projection_corrected_0_False_True.pickle from pickled file.	MemTotal: 1172.56640625
2022-02-03 16:08:38.480 INFO misc - return_pickled_object: treemaps.pickle could not be found or force_update is True. Computing the object and pickling it now.
2022-02-03 16:08:38.480 INFO misc - return_pickled_object: treemaps.pickle could not be found or force_update is True. Computing the object and pickling it now.
2022-02-03 16:08:38.492 INFO misc - return_pickled_object: Returning set_masks_0.pickle from pickled file.	MemTotal: 1172.58984375
2022-02-03 16:08:38.492 INFO misc - return_pickled_object: Returning set_masks_0.pickle from pickled file.	MemTotal: 1172.58203125
2022-02-03 16:08:38.493 INFO misc - return_pickled_object: Returning figure_basic_image_projection_corrected_0_False_True.pickle from pickled file.	MemTotal: 1172.609375
2022-02-03 16:08:38.493 INFO misc - return_pickled_object: Returning figure_basic_image_projection_corrected_0_False_True.pickle from pickled file.	MemTotal: 1172.58203125
2022-02-03 16:08:38.507 INFO misc - return_pickled_object: treemaps.pickle could not be found or force_update is True. Computing the object and pickling it now.
2022-02-03 16:08:38.507 INFO misc - return_pickled_object: treemaps.pickle could not be found or force_update is True. Computing the object and pickling it now.
2022-02-03 16:08:38.567 INFO misc - return_pickled_object: treemaps.pickle being returned now from computation.
2022-02-03 16:08:38.567 INFO misc - return_pickled_object: treemaps.pickle being returned now from computation.
2022-02-03 16:08:38.567 INFO misc - return_pickled_object: treemaps.pickle being returned now from computation.
2022-02-03 16:08:38.568 INFO misc - return_pickled_object: treemaps.pickle being returned now from computation.
2022-02-03 16:08:38.569 INFO misc - return_pickled_object: Returning sunburst.pickle from pickled file.	MemTotal: 1174.21484375
2022-02-03 16:08:38.569 INFO misc - return_pickled_object: Returning sunburst.pickle from pickled file.	MemTotal: 1174.1015625
2022-02-03 16:08:38.569 INFO misc - return_pickled_object: Returning sunburst.pickle from pickled file.	MemTotal: 1174.1875
2022-02-03 16:08:38.570 INFO misc - return_pickled_object: Returning sunburst.pickle from pickled file.	MemTotal: 1174.1875
2022-02-03 16:08:38.589 INFO misc - return_pickled_object: Returning atlas_with_slider_frontal_False.pickle from pickled file.	MemTotal: 1174.3671875
2022-02-03 16:08:38.589 INFO misc - return_pickled_object: Returning atlas_with_slider_frontal_False.pickle from pickled file.	MemTotal: 1174.19921875
2022-02-03 16:08:38.590 INFO misc - return_pickled_object: Returning atlas_with_slider_frontal_False.pickle from pickled file.	MemTotal: 1174.4765625
2022-02-03 16:08:38.591 INFO misc - return_pickled_object: Returning atlas_with_slider_frontal_False.pickle from pickled file.	MemTotal: 1174.3046875
2022-02-03 16:08:38.619 INFO misc - return_pickled_object: Returning _None.pickle from pickled file.	MemTotal: 1174.75
2022-02-03 16:08:38.619 INFO misc - return_pickled_object: Returning _None.pickle from pickled file.	MemTotal: 1174.75
2022-02-03 16:08:38.619 INFO misc - return_pickled_object: Returning _None.pickle from pickled file.	MemTotal: 1174.83984375
2022-02-03 16:08:38.619 INFO misc - return_pickled_object: Returning _None.pickle from pickled file.	MemTotal: 1174.71484375

*** FATAL CONFIG FILE ERROR (Redis 6.2.6) ***
Reading the configuration file, at line 993
>>> 'allkeys-lru'
Bad directive or wrong number of arguments

*** FATAL CONFIG FILE ERROR (Redis 6.2.6) ***
Reading the configuration file, at line 993
>>> 'allkeys-lru'
Bad directive or wrong number of arguments

*** FATAL CONFIG FILE ERROR (Redis 6.2.6) ***
Reading the configuration file, at line 993
>>> 'allkeys-lru'
Bad directive or wrong number of arguments

*** FATAL CONFIG FILE ERROR (Redis 6.2.6) ***
Reading the configuration file, at line 993
>>> 'allkeys-lru'
Bad directive or wrong number of arguments

*** FATAL CONFIG FILE ERROR (Redis 6.2.6) ***
Reading the configuration file, at line 993
>>> 'allkeys-lru'
Bad directive or wrong number of arguments

*** FATAL CONFIG FILE ERROR (Redis 6.2.6) ***
Reading the configuration file, at line 993
>>> 'allkeys-lru'
Bad directive or wrong number of arguments

*** FATAL CONFIG FILE ERROR (Redis 6.2.6) ***
Reading the configuration file, at line 993
>>> 'allkeys-lru'
Bad directive or wrong number of arguments

*** FATAL CONFIG FILE ERROR (Redis 6.2.6) ***
Reading the configuration file, at line 993
>>> 'allkeys-lru'
Bad directive or wrong number of arguments

*** FATAL CONFIG FILE ERROR (Redis 6.2.6) ***
Reading the configuration file, at line 993
>>> 'allkeys-lru'
Bad directive or wrong number of arguments
[2022-02-07 10:52:53 +0100] [88111] [INFO] Handling signal: term
[2022-02-07 10:52:53 +0100] [99241] [INFO] Worker exiting (pid: 99241)
[2022-02-07 10:52:53 +0100] [99242] [INFO] Worker exiting (pid: 99242)
[2022-02-07 10:52:53 +0100] [99243] [INFO] Worker exiting (pid: 99243)
allen mouse atlas (res. 25um)
From: http://www.brain-map.org (Wang et al 2020, https://doi.org/10.1016/j.cell.2020.04.007 )
allen mouse atlas (res. 25um)
From: http://www.brain-map.org (Wang et al 2020, https://doi.org/10.1016/j.cell.2020.04.007 )
allen mouse atlas (res. 25um)
From: http://www.brain-map.org (Wang et al 2020, https://doi.org/10.1016/j.cell.2020.04.007 )
[2022-02-07 10:52:53 +0100] [99244] [INFO] Worker exiting (pid: 99244)
allen mouse atlas (res. 25um)
From: http://www.brain-map.org (Wang et al 2020, https://doi.org/10.1016/j.cell.2020.04.007 )
[2022-02-07 10:52:54 +0100] [88111] [INFO] Shutting down: Master

*** FATAL CONFIG FILE ERROR (Redis 6.2.6) ***
Reading the configuration file, at line 993
>>> 'allkeys-lru'
Bad directive or wrong number of arguments

*** FATAL CONFIG FILE ERROR (Redis 6.2.6) ***
Reading the configuration file, at line 993
>>> 'allkeys-lru'
Bad directive or wrong number of arguments

*** FATAL CONFIG FILE ERROR (Redis 6.2.6) ***
Reading the configuration file, at line 993
>>> 'allkeys-lru'
Bad directive or wrong number of arguments

*** FATAL CONFIG FILE ERROR (Redis 6.2.6) ***
Reading the configuration file, at line 993
>>> 'allkeys-lru'
Bad directive or wrong number of arguments
[2022-02-07 10:55:19 +0100] [74586] [INFO] Starting gunicorn 20.1.0
[2022-02-07 10:55:19 +0100] [74586] [INFO] Listening at: http://0.0.0.0:8050 (74586)
[2022-02-07 10:55:19 +0100] [74586] [INFO] Using worker: sync
[2022-02-07 10:55:19 +0100] [74587] [INFO] Booting worker with pid: 74587
[2022-02-07 10:55:19 +0100] [74588] [INFO] Booting worker with pid: 74588
2022-02-07 10:55:19.852 INFO main - <module>: Starting import chain	MemTotal: 53.84375

*** FATAL CONFIG FILE ERROR (Redis 6.2.6) ***
Reading the configuration file, at line 993
>>> 'allkeys-lru'
Bad directive or wrong number of arguments
2022-02-07 10:55:19.949 INFO main - <module>: Starting import chain	MemTotal: 53.84375

*** FATAL CONFIG FILE ERROR (Redis 6.2.6) ***
Reading the configuration file, at line 993
>>> 'allkeys-lru'
Bad directive or wrong number of arguments
2022-02-07 10:55:21.232 INFO app - <module>: Memory use before any global variable declaration	MemTotal: 169.46484375
2022-02-07 10:55:21.233 INFO maldi_data - __init__: Initializing MaldiData object	MemTotal: 169.46484375
2022-02-07 10:55:21.294 INFO app - <module>: Memory use before any global variable declaration	MemTotal: 169.45703125
2022-02-07 10:55:21.295 INFO maldi_data - __init__: Initializing MaldiData object	MemTotal: 169.45703125
2022-02-07 10:55:21.312 INFO atlas - __init__: Initializing Atlas object	MemTotal: 206.47265625
2022-02-07 10:55:21.376 INFO atlas - __init__: Initializing Atlas object	MemTotal: 206.46875
2022-02-07 10:55:21.633 INFO misc - return_pickled_object: Returning dic_acronym_children_id.pickle from pickled file.	MemTotal: 502.74609375
2022-02-07 10:55:21.689 INFO misc - return_pickled_object: Returning dic_acronym_children_id.pickle from pickled file.	MemTotal: 502.73828125
2022-02-07 10:55:22.445 INFO misc - return_pickled_object: Returning hierarchy.pickle from pickled file.	MemTotal: 943.8984375
2022-02-07 10:55:22.446 INFO misc - return_pickled_object: Returning arrays_projection_corrected_True_True.pickle from pickled file.	MemTotal: 944.01953125
2022-02-07 10:55:22.449 INFO misc - return_pickled_object: Returning hierarchy.pickle from pickled file.	MemTotal: 943.90625
2022-02-07 10:55:22.450 INFO misc - return_pickled_object: Returning arrays_projection_corrected_True_True.pickle from pickled file.	MemTotal: 943.9609375
2022-02-07 10:55:22.648 INFO misc - return_pickled_object: Returning dic_mask_images.pickle from pickled file.	MemTotal: 1091.07421875
2022-02-07 10:55:22.649 INFO misc - return_pickled_object: Returning dic_mask_images.pickle from pickled file.	MemTotal: 1091.08203125
2022-02-07 10:55:22.653 INFO figures - __init__: Initializing Figures object	MemTotal: 1091.14453125
2022-02-07 10:55:22.653 INFO misc - return_pickled_object: Returning dic_fig_contours.pickle from pickled file.	MemTotal: 1091.14453125
2022-02-07 10:55:22.654 INFO figures - __init__: Initializing Figures object	MemTotal: 1091.15234375
2022-02-07 10:55:22.654 INFO misc - return_pickled_object: Returning dic_fig_contours.pickle from pickled file.	MemTotal: 1091.21875
2022-02-07 10:55:23.357 INFO app - <module>: Memory use after three main object have been instantiated	MemTotal: 1127.796875
2022-02-07 10:55:23.375 INFO misc - return_pickled_object: Returning figure_basic_image_warped_data_1_False.pickle from pickled file.	MemTotal: 1128.80859375
2022-02-07 10:55:23.384 INFO app - <module>: Memory use after three main object have been instantiated	MemTotal: 1128.015625
2022-02-07 10:55:23.401 INFO misc - return_pickled_object: Returning figure_basic_image_warped_data_1_False.pickle from pickled file.	MemTotal: 1128.76953125
2022-02-07 10:55:24.653 INFO misc - convert_image_to_base64: png mode selected, quality argument is not supported
2022-02-07 10:55:24.720 INFO misc - convert_image_to_base64: png mode selected, quality argument is not supported
2022-02-07 10:55:24.754 INFO misc - return_pickled_object: Returning set_masks_0.pickle from pickled file.	MemTotal: 1172.66015625
2022-02-07 10:55:24.755 INFO misc - return_pickled_object: Returning figure_basic_image_projection_corrected_0_False_True.pickle from pickled file.	MemTotal: 1172.66015625
2022-02-07 10:55:24.766 INFO misc - return_pickled_object: treemaps.pickle could not be found or force_update is True. Computing the object and pickling it now.
2022-02-07 10:55:24.814 INFO misc - return_pickled_object: treemaps.pickle being returned now from computation.
2022-02-07 10:55:24.815 INFO misc - return_pickled_object: Returning sunburst.pickle from pickled file.	MemTotal: 1174.26171875
2022-02-07 10:55:24.825 INFO misc - return_pickled_object: Returning set_masks_0.pickle from pickled file.	MemTotal: 1172.52734375
2022-02-07 10:55:24.826 INFO misc - return_pickled_object: Returning figure_basic_image_projection_corrected_0_False_True.pickle from pickled file.	MemTotal: 1172.55078125
2022-02-07 10:55:24.828 INFO misc - return_pickled_object: Returning atlas_with_slider_frontal_False.pickle from pickled file.	MemTotal: 1174.47265625
2022-02-07 10:55:24.838 INFO misc - return_pickled_object: treemaps.pickle could not be found or force_update is True. Computing the object and pickling it now.
2022-02-07 10:55:24.847 INFO misc - return_pickled_object: Returning _None.pickle from pickled file.	MemTotal: 1174.98046875
2022-02-07 10:55:24.888 INFO misc - return_pickled_object: treemaps.pickle being returned now from computation.
2022-02-07 10:55:24.890 INFO misc - return_pickled_object: Returning sunburst.pickle from pickled file.	MemTotal: 1174.16796875
2022-02-07 10:55:24.903 INFO misc - return_pickled_object: Returning atlas_with_slider_frontal_False.pickle from pickled file.	MemTotal: 1174.3359375
2022-02-07 10:55:24.922 INFO misc - return_pickled_object: Returning _None.pickle from pickled file.	MemTotal: 1174.8046875
2022-02-07 10:55:38.741 INFO index - render_page_content: Page/has been selected	MemTotal: 1176.25390625
2022-02-07 10:55:41.311 INFO index - render_page_content: Page/lipid-selectionhas been selected	MemTotal: 1175.52734375
2022-02-07 10:55:41.504 INFO misc - convert_image_to_base64: png mode selected, quality argument is not supported
2022-02-07 10:55:42.915 INFO lipid_selection - page_2_plot_graph_heatmap_mz_selection: Entering function to plot heatmap or RGB depending on lipid selection
2022-02-07 10:55:43.331 INFO index - render_page_content: Page/region-analysishas been selected	MemTotal: 1183.15625
2022-02-07 10:55:43.331 INFO misc - return_pickled_object: Returning set_masks_0.pickle from pickled file.	MemTotal: 1183.15625
2022-02-07 10:55:43.332 INFO misc - return_pickled_object: Returning figure_basic_image_projection_corrected_0_False_True.pickle from pickled file.	MemTotal: 1183.15625
2022-02-07 10:55:43.527 INFO region_analysis - page_3_record_spectra: Starting to compute spectrum
2022-02-07 10:55:43.527 INFO misc - return_pickled_object: Returning set_masks_0.pickle from pickled file.	MemTotal: 1183.26171875
2022-02-07 10:55:43.528 ERROR __init__ - decorated_function: Exception possibly due to cache backend.
Traceback (most recent call last):
  File "/home/colas/miniconda3/lib/python3.9/site-packages/redis/connection.py", line 607, in connect
    sock = self._connect()
  File "/home/colas/miniconda3/lib/python3.9/site-packages/redis/connection.py", line 671, in _connect
    raise err
  File "/home/colas/miniconda3/lib/python3.9/site-packages/redis/connection.py", line 659, in _connect
    sock.connect(socket_address)
ConnectionRefusedError: [Errno 111] Connection refused

During handling of the above exception, another exception occurred:

Traceback (most recent call last):
  File "/home/colas/miniconda3/lib/python3.9/site-packages/flask_caching/__init__.py", line 912, in decorated_function
    cache_key = decorated_function.make_cache_key(
  File "/home/colas/miniconda3/lib/python3.9/site-packages/flask_caching/__init__.py", line 667, in make_cache_key
    fname, version_data = self._memoize_version(
  File "/home/colas/miniconda3/lib/python3.9/site-packages/flask_caching/__init__.py", line 617, in _memoize_version
    version_data_list = list(self.cache.get_many(*fetch_keys))
  File "/home/colas/miniconda3/lib/python3.9/site-packages/flask_caching/backends/rediscache.py", line 153, in get_many
    return [self.load_object(x) for x in self._read_clients.mget(keys)]
  File "/home/colas/miniconda3/lib/python3.9/site-packages/redis/commands/core.py", line 1422, in mget
    return self.execute_command("MGET", *args, **options)
  File "/home/colas/miniconda3/lib/python3.9/site-packages/redis/client.py", line 1170, in execute_command
    conn = self.connection or pool.get_connection(command_name, **options)
  File "/home/colas/miniconda3/lib/python3.9/site-packages/redis/connection.py", line 1311, in get_connection
    connection.connect()
  File "/home/colas/miniconda3/lib/python3.9/site-packages/redis/connection.py", line 611, in connect
    raise ConnectionError(self._error_message(e))
redis.exceptions.ConnectionError: Error 111 connecting to localhost:6379. Connection refused.
2022-02-07 10:55:43.530 WARNING region_analysis - page_3_record_spectra: A bug appeared during spectrum computation
2022-02-07 10:55:43.537 INFO misc - return_pickled_object: Returning figure_basic_image_projection_corrected_0_False.pickle from pickled file.	MemTotal: 1183.26171875
2022-02-07 10:55:43.585 INFO region_analysis - page_3_draw_heatmap_per_lipid_selection: Starting computing heatmap now
2022-02-07 10:55:45.179 INFO misc - return_pickled_object: Returning figure_basic_image_projection_corrected_0_False.pickle from pickled file.	MemTotal: 1183.5390625
2022-02-07 10:55:46.155 INFO region_analysis - tab_3_display_high_res_mz_plot: Compute spectra button has been clicked
2022-02-07 10:55:46.155 INFO region_analysis - tab_3_display_high_res_mz_plot: One or several shapes have been selected, displaying graphs
2022-02-07 10:55:46.156 INFO region_analysis - page_3_record_spectra: Starting to compute spectrum
2022-02-07 10:55:46.157 ERROR __init__ - decorated_function: Exception possibly due to cache backend.
Traceback (most recent call last):
  File "/home/colas/miniconda3/lib/python3.9/site-packages/redis/connection.py", line 607, in connect
    sock = self._connect()
  File "/home/colas/miniconda3/lib/python3.9/site-packages/redis/connection.py", line 671, in _connect
    raise err
  File "/home/colas/miniconda3/lib/python3.9/site-packages/redis/connection.py", line 659, in _connect
    sock.connect(socket_address)
ConnectionRefusedError: [Errno 111] Connection refused

During handling of the above exception, another exception occurred:

Traceback (most recent call last):
  File "/home/colas/miniconda3/lib/python3.9/site-packages/flask_caching/__init__.py", line 912, in decorated_function
    cache_key = decorated_function.make_cache_key(
  File "/home/colas/miniconda3/lib/python3.9/site-packages/flask_caching/__init__.py", line 667, in make_cache_key
    fname, version_data = self._memoize_version(
  File "/home/colas/miniconda3/lib/python3.9/site-packages/flask_caching/__init__.py", line 617, in _memoize_version
    version_data_list = list(self.cache.get_many(*fetch_keys))
  File "/home/colas/miniconda3/lib/python3.9/site-packages/flask_caching/backends/rediscache.py", line 153, in get_many
    return [self.load_object(x) for x in self._read_clients.mget(keys)]
  File "/home/colas/miniconda3/lib/python3.9/site-packages/redis/commands/core.py", line 1422, in mget
    return self.execute_command("MGET", *args, **options)
  File "/home/colas/miniconda3/lib/python3.9/site-packages/redis/client.py", line 1170, in execute_command
    conn = self.connection or pool.get_connection(command_name, **options)
  File "/home/colas/miniconda3/lib/python3.9/site-packages/redis/connection.py", line 1311, in get_connection
    connection.connect()
  File "/home/colas/miniconda3/lib/python3.9/site-packages/redis/connection.py", line 611, in connect
    raise ConnectionError(self._error_message(e))
redis.exceptions.ConnectionError: Error 111 connecting to localhost:6379. Connection refused.
2022-02-07 10:55:46.158 INFO region_analysis - global_spectrum_store: Start computing path
2022-02-07 10:55:46.158 INFO region_analysis - global_spectrum_store: Computing path finished
2022-02-07 10:55:51.553 INFO region_analysis - page_3_record_spectra: Spectra computed, returning it now
2022-02-07 10:55:51.779 INFO region_analysis - page_3_draw_heatmap_per_lipid_selection: Starting computing heatmap now
2022-02-07 10:55:51.780 ERROR __init__ - decorated_function: Exception possibly due to cache backend.
Traceback (most recent call last):
  File "/home/colas/miniconda3/lib/python3.9/site-packages/redis/connection.py", line 607, in connect
    sock = self._connect()
  File "/home/colas/miniconda3/lib/python3.9/site-packages/redis/connection.py", line 671, in _connect
    raise err
  File "/home/colas/miniconda3/lib/python3.9/site-packages/redis/connection.py", line 659, in _connect
    sock.connect(socket_address)
ConnectionRefusedError: [Errno 111] Connection refused

During handling of the above exception, another exception occurred:

Traceback (most recent call last):
  File "/home/colas/miniconda3/lib/python3.9/site-packages/flask_caching/__init__.py", line 912, in decorated_function
    cache_key = decorated_function.make_cache_key(
  File "/home/colas/miniconda3/lib/python3.9/site-packages/flask_caching/__init__.py", line 667, in make_cache_key
    fname, version_data = self._memoize_version(
  File "/home/colas/miniconda3/lib/python3.9/site-packages/flask_caching/__init__.py", line 617, in _memoize_version
    version_data_list = list(self.cache.get_many(*fetch_keys))
  File "/home/colas/miniconda3/lib/python3.9/site-packages/flask_caching/backends/rediscache.py", line 153, in get_many
    return [self.load_object(x) for x in self._read_clients.mget(keys)]
  File "/home/colas/miniconda3/lib/python3.9/site-packages/redis/commands/core.py", line 1422, in mget
    return self.execute_command("MGET", *args, **options)
  File "/home/colas/miniconda3/lib/python3.9/site-packages/redis/client.py", line 1170, in execute_command
    conn = self.connection or pool.get_connection(command_name, **options)
  File "/home/colas/miniconda3/lib/python3.9/site-packages/redis/connection.py", line 1311, in get_connection
    connection.connect()
  File "/home/colas/miniconda3/lib/python3.9/site-packages/redis/connection.py", line 611, in connect
    raise ConnectionError(self._error_message(e))
redis.exceptions.ConnectionError: Error 111 connecting to localhost:6379. Connection refused.
2022-02-07 10:55:51.780 INFO region_analysis - global_spectrum_store: Start computing path
2022-02-07 10:55:51.780 INFO region_analysis - global_spectrum_store: Computing path finished
2022-02-07 10:55:51.783 INFO region_analysis - page_3_plot_spectrum: Starting spectra plotting now
2022-02-07 10:55:51.785 ERROR __init__ - decorated_function: Exception possibly due to cache backend.
Traceback (most recent call last):
  File "/home/colas/miniconda3/lib/python3.9/site-packages/redis/connection.py", line 607, in connect
    sock = self._connect()
  File "/home/colas/miniconda3/lib/python3.9/site-packages/redis/connection.py", line 671, in _connect
    raise err
  File "/home/colas/miniconda3/lib/python3.9/site-packages/redis/connection.py", line 659, in _connect
    sock.connect(socket_address)
ConnectionRefusedError: [Errno 111] Connection refused

During handling of the above exception, another exception occurred:

Traceback (most recent call last):
  File "/home/colas/miniconda3/lib/python3.9/site-packages/flask_caching/__init__.py", line 912, in decorated_function
    cache_key = decorated_function.make_cache_key(
  File "/home/colas/miniconda3/lib/python3.9/site-packages/flask_caching/__init__.py", line 667, in make_cache_key
    fname, version_data = self._memoize_version(
  File "/home/colas/miniconda3/lib/python3.9/site-packages/flask_caching/__init__.py", line 617, in _memoize_version
    version_data_list = list(self.cache.get_many(*fetch_keys))
  File "/home/colas/miniconda3/lib/python3.9/site-packages/flask_caching/backends/rediscache.py", line 153, in get_many
    return [self.load_object(x) for x in self._read_clients.mget(keys)]
  File "/home/colas/miniconda3/lib/python3.9/site-packages/redis/commands/core.py", line 1422, in mget
    return self.execute_command("MGET", *args, **options)
  File "/home/colas/miniconda3/lib/python3.9/site-packages/redis/client.py", line 1170, in execute_command
    conn = self.connection or pool.get_connection(command_name, **options)
  File "/home/colas/miniconda3/lib/python3.9/site-packages/redis/connection.py", line 1311, in get_connection
    connection.connect()
  File "/home/colas/miniconda3/lib/python3.9/site-packages/redis/connection.py", line 611, in connect
    raise ConnectionError(self._error_message(e))
redis.exceptions.ConnectionError: Error 111 connecting to localhost:6379. Connection refused.
2022-02-07 10:55:51.785 INFO region_analysis - global_spectrum_store: Start computing path
2022-02-07 10:55:51.785 INFO region_analysis - global_spectrum_store: Computing path finished
2022-02-07 10:55:52.032 INFO region_analysis - global_lipid_index_store: Starting computing ll_idx_labels
2022-02-07 10:55:52.224 INFO region_analysis - global_lipid_index_store: Returning ll_idx_labels
2022-02-07 10:55:52.896 INFO region_analysis - page_3_plot_spectrum: Spectra plotted. Returning it now
2022-02-07 10:55:57.305 INFO region_analysis - global_lipid_index_store: Starting computing ll_idx_labels
2022-02-07 10:55:57.504 INFO region_analysis - global_lipid_index_store: Returning ll_idx_labels
2022-02-07 10:55:57.790 INFO region_analysis - page_3_draw_heatmap_per_lipid_selection: Heatmap computed. Returning it now
2022-02-07 10:55:57.994 INFO region_analysis - page_3_fill_dropdown_options: Starting computing lipid dropdown now.
2022-02-07 10:55:58.132 INFO region_analysis - page_3_fill_dropdown_options: Dropdown values computed. Updating it with new lipids now.
2022-02-07 10:55:58.474 INFO region_analysis - draw_modal_graph: Modal graph function triggered with input page-3-open-modal
2022-02-07 10:55:58.474 INFO region_analysis - draw_modal_graph: At least one lipid has been selected, starting computing modal graph now.
2022-02-07 10:55:58.475 INFO figures - compute_rgb_image_per_lipid_selection: Started RGB image computation for slice 1	MemTotal: 1279.76171875
2022-02-07 10:55:59.302 INFO figures - compute_rgb_image_per_lipid_selection: array_image acquired for slice 1	MemTotal: 1251.5078125
2022-02-07 10:55:59.334 INFO misc - convert_image_to_base64: png mode selected, quality argument is not supported
2022-02-07 10:55:59.357 INFO figures - compute_rgb_image_per_lipid_selection: Started building graph for slice 1	MemTotal: 1251.546875
2022-02-07 10:55:59.361 INFO figures - compute_rgb_image_per_lipid_selection: Returning fig for slice 1	MemTotal: 1251.546875
2022-02-07 10:55:59.361 INFO region_analysis - draw_modal_graph: Modal graph computed. Returning it now
2022-02-07 10:56:01.589 INFO misc - return_pickled_object: Returning figure_basic_image_projection_corrected_0_False_True.pickle from pickled file.	MemTotal: 1229.99609375
2022-02-07 10:56:01.725 INFO region_analysis - draw_modal_graph: Modal graph function triggered with input page-3-reset-button
2022-02-07 10:56:01.725 INFO region_analysis - draw_modal_graph: Resetting modal graph
2022-02-07 10:56:02.915 INFO misc - return_pickled_object: Returning figure_basic_image_projection_corrected_0_False.pickle from pickled file.	MemTotal: 1251.296875
2022-02-07 10:56:02.926 INFO misc - return_pickled_object: Returning dic_masks_and_spectra_0.pickle from pickled file.	MemTotal: 1251.296875
2022-02-07 10:56:03.350 INFO misc - convert_image_to_base64: gif mode selected, quality argument is not supported
2022-02-07 10:56:06.890 INFO misc - return_pickled_object: Returning figure_basic_image_projection_corrected_0_False.pickle from pickled file.	MemTotal: 1229.99609375
2022-02-07 10:56:12.598 INFO misc - return_pickled_object: Returning figure_basic_image_projection_corrected_0_False.pickle from pickled file.	MemTotal: 1229.99609375
2022-02-07 10:56:12.610 INFO misc - return_pickled_object: Returning dic_masks_and_spectra_0.pickle from pickled file.	MemTotal: 1229.99609375
2022-02-07 10:56:12.819 INFO misc - convert_image_to_base64: gif mode selected, quality argument is not supported
2022-02-07 10:56:14.455 INFO region_analysis - page_3_record_spectra: Starting to compute spectrum
2022-02-07 10:56:14.456 ERROR __init__ - decorated_function: Exception possibly due to cache backend.
Traceback (most recent call last):
  File "/home/colas/miniconda3/lib/python3.9/site-packages/redis/connection.py", line 607, in connect
    sock = self._connect()
  File "/home/colas/miniconda3/lib/python3.9/site-packages/redis/connection.py", line 671, in _connect
    raise err
  File "/home/colas/miniconda3/lib/python3.9/site-packages/redis/connection.py", line 659, in _connect
    sock.connect(socket_address)
ConnectionRefusedError: [Errno 111] Connection refused

During handling of the above exception, another exception occurred:

Traceback (most recent call last):
  File "/home/colas/miniconda3/lib/python3.9/site-packages/flask_caching/__init__.py", line 912, in decorated_function
    cache_key = decorated_function.make_cache_key(
  File "/home/colas/miniconda3/lib/python3.9/site-packages/flask_caching/__init__.py", line 667, in make_cache_key
    fname, version_data = self._memoize_version(
  File "/home/colas/miniconda3/lib/python3.9/site-packages/flask_caching/__init__.py", line 617, in _memoize_version
    version_data_list = list(self.cache.get_many(*fetch_keys))
  File "/home/colas/miniconda3/lib/python3.9/site-packages/flask_caching/backends/rediscache.py", line 153, in get_many
    return [self.load_object(x) for x in self._read_clients.mget(keys)]
  File "/home/colas/miniconda3/lib/python3.9/site-packages/redis/commands/core.py", line 1422, in mget
    return self.execute_command("MGET", *args, **options)
  File "/home/colas/miniconda3/lib/python3.9/site-packages/redis/client.py", line 1170, in execute_command
    conn = self.connection or pool.get_connection(command_name, **options)
  File "/home/colas/miniconda3/lib/python3.9/site-packages/redis/connection.py", line 1311, in get_connection
    connection.connect()
  File "/home/colas/miniconda3/lib/python3.9/site-packages/redis/connection.py", line 611, in connect
    raise ConnectionError(self._error_message(e))
redis.exceptions.ConnectionError: Error 111 connecting to localhost:6379. Connection refused.
2022-02-07 10:56:14.456 INFO misc - return_pickled_object: Returning dic_masks_and_spectra_0.pickle from pickled file.	MemTotal: 1204.84765625
2022-02-07 10:56:14.459 INFO region_analysis - tab_3_display_high_res_mz_plot: Compute spectra button has been clicked
2022-02-07 10:56:14.459 INFO region_analysis - tab_3_display_high_res_mz_plot: One or several masks have been selected, displaying graphs
2022-02-07 10:56:14.602 INFO region_analysis - page_3_record_spectra: Spectra computed, returning it now
2022-02-07 10:56:14.648 INFO region_analysis - page_3_draw_heatmap_per_lipid_selection: Starting computing heatmap now
2022-02-07 10:56:14.649 ERROR __init__ - decorated_function: Exception possibly due to cache backend.
Traceback (most recent call last):
  File "/home/colas/miniconda3/lib/python3.9/site-packages/redis/connection.py", line 607, in connect
    sock = self._connect()
  File "/home/colas/miniconda3/lib/python3.9/site-packages/redis/connection.py", line 671, in _connect
    raise err
  File "/home/colas/miniconda3/lib/python3.9/site-packages/redis/connection.py", line 659, in _connect
    sock.connect(socket_address)
ConnectionRefusedError: [Errno 111] Connection refused

During handling of the above exception, another exception occurred:

Traceback (most recent call last):
  File "/home/colas/miniconda3/lib/python3.9/site-packages/flask_caching/__init__.py", line 912, in decorated_function
    cache_key = decorated_function.make_cache_key(
  File "/home/colas/miniconda3/lib/python3.9/site-packages/flask_caching/__init__.py", line 667, in make_cache_key
    fname, version_data = self._memoize_version(
  File "/home/colas/miniconda3/lib/python3.9/site-packages/flask_caching/__init__.py", line 617, in _memoize_version
    version_data_list = list(self.cache.get_many(*fetch_keys))
  File "/home/colas/miniconda3/lib/python3.9/site-packages/flask_caching/backends/rediscache.py", line 153, in get_many
    return [self.load_object(x) for x in self._read_clients.mget(keys)]
  File "/home/colas/miniconda3/lib/python3.9/site-packages/redis/commands/core.py", line 1422, in mget
    return self.execute_command("MGET", *args, **options)
  File "/home/colas/miniconda3/lib/python3.9/site-packages/redis/client.py", line 1170, in execute_command
    conn = self.connection or pool.get_connection(command_name, **options)
  File "/home/colas/miniconda3/lib/python3.9/site-packages/redis/connection.py", line 1311, in get_connection
    connection.connect()
  File "/home/colas/miniconda3/lib/python3.9/site-packages/redis/connection.py", line 611, in connect
    raise ConnectionError(self._error_message(e))
redis.exceptions.ConnectionError: Error 111 connecting to localhost:6379. Connection refused.
2022-02-07 10:56:14.649 INFO misc - return_pickled_object: Returning dic_masks_and_spectra_0.pickle from pickled file.	MemTotal: 1214.546875
2022-02-07 10:56:14.650 INFO region_analysis - page_3_plot_spectrum: Starting spectra plotting now
2022-02-07 10:56:14.651 ERROR __init__ - decorated_function: Exception possibly due to cache backend.
Traceback (most recent call last):
  File "/home/colas/miniconda3/lib/python3.9/site-packages/redis/connection.py", line 607, in connect
    sock = self._connect()
  File "/home/colas/miniconda3/lib/python3.9/site-packages/redis/connection.py", line 671, in _connect
    raise err
  File "/home/colas/miniconda3/lib/python3.9/site-packages/redis/connection.py", line 659, in _connect
    sock.connect(socket_address)
ConnectionRefusedError: [Errno 111] Connection refused

During handling of the above exception, another exception occurred:

Traceback (most recent call last):
  File "/home/colas/miniconda3/lib/python3.9/site-packages/flask_caching/__init__.py", line 912, in decorated_function
    cache_key = decorated_function.make_cache_key(
  File "/home/colas/miniconda3/lib/python3.9/site-packages/flask_caching/__init__.py", line 667, in make_cache_key
    fname, version_data = self._memoize_version(
  File "/home/colas/miniconda3/lib/python3.9/site-packages/flask_caching/__init__.py", line 617, in _memoize_version
    version_data_list = list(self.cache.get_many(*fetch_keys))
  File "/home/colas/miniconda3/lib/python3.9/site-packages/flask_caching/backends/rediscache.py", line 153, in get_many
    return [self.load_object(x) for x in self._read_clients.mget(keys)]
  File "/home/colas/miniconda3/lib/python3.9/site-packages/redis/commands/core.py", line 1422, in mget
    return self.execute_command("MGET", *args, **options)
  File "/home/colas/miniconda3/lib/python3.9/site-packages/redis/client.py", line 1170, in execute_command
    conn = self.connection or pool.get_connection(command_name, **options)
  File "/home/colas/miniconda3/lib/python3.9/site-packages/redis/connection.py", line 1311, in get_connection
    connection.connect()
  File "/home/colas/miniconda3/lib/python3.9/site-packages/redis/connection.py", line 611, in connect
    raise ConnectionError(self._error_message(e))
redis.exceptions.ConnectionError: Error 111 connecting to localhost:6379. Connection refused.
2022-02-07 10:56:14.652 INFO misc - return_pickled_object: Returning dic_masks_and_spectra_0.pickle from pickled file.	MemTotal: 1240.421875
2022-02-07 10:56:14.799 INFO region_analysis - global_lipid_index_store: Starting computing ll_idx_labels
2022-02-07 10:56:14.802 INFO region_analysis - global_lipid_index_store: Returning ll_idx_labels
2022-02-07 10:56:14.828 INFO region_analysis - global_lipid_index_store: Starting computing ll_idx_labels
2022-02-07 10:56:14.832 INFO region_analysis - global_lipid_index_store: Returning ll_idx_labels
2022-02-07 10:56:15.085 INFO region_analysis - page_3_draw_heatmap_per_lipid_selection: Heatmap computed. Returning it now
2022-02-07 10:56:15.257 INFO region_analysis - page_3_fill_dropdown_options: Starting computing lipid dropdown now.
2022-02-07 10:56:15.333 INFO region_analysis - page_3_plot_spectrum: Spectra plotted. Returning it now
2022-02-07 10:56:15.437 INFO region_analysis - page_3_fill_dropdown_options: Dropdown values computed. Updating it with new lipids now.
2022-02-07 10:56:15.847 INFO region_analysis - draw_modal_graph: Modal graph function triggered with input page-3-open-modal
2022-02-07 10:56:15.847 INFO region_analysis - draw_modal_graph: At least one lipid has been selected, starting computing modal graph now.
2022-02-07 10:56:15.849 INFO figures - compute_rgb_image_per_lipid_selection: Started RGB image computation for slice 1	MemTotal: 1217.66796875
2022-02-07 10:56:16.538 INFO figures - compute_rgb_image_per_lipid_selection: array_image acquired for slice 1	MemTotal: 1233.5859375
2022-02-07 10:56:16.572 INFO misc - convert_image_to_base64: png mode selected, quality argument is not supported
2022-02-07 10:56:16.595 INFO figures - compute_rgb_image_per_lipid_selection: Started building graph for slice 1	MemTotal: 1233.62890625
2022-02-07 10:56:16.600 INFO figures - compute_rgb_image_per_lipid_selection: Returning fig for slice 1	MemTotal: 1233.68359375
2022-02-07 10:56:16.600 INFO region_analysis - draw_modal_graph: Modal graph computed. Returning it now
2022-02-07 10:56:19.002 INFO index - render_page_content: Page/lipid-selectionhas been selected	MemTotal: 1243.03515625
2022-02-07 10:56:19.099 INFO region_analysis - page_3_draw_heatmap_per_lipid_selection: Starting computing heatmap now
2022-02-07 10:56:19.158 INFO misc - return_pickled_object: Returning figure_basic_image_projection_corrected_0_False_True.pickle from pickled file.	MemTotal: 1235.3359375
2022-02-07 10:56:19.191 INFO misc - convert_image_to_base64: png mode selected, quality argument is not supported
2022-02-07 10:56:19.977 INFO lipid_selection - page_2_plot_graph_heatmap_mz_selection: Entering function to plot heatmap or RGB depending on lipid selection
2022-02-07 10:56:27.778 INFO index - render_page_content: Page/has been selected	MemTotal: 1248.03515625
2022-02-07 10:59:26.619 INFO index - render_page_content: Page/has been selected	MemTotal: 1243.03515625
2022-02-07 10:59:30.149 INFO index - render_page_content: Page/atlas-explorationhas been selected	MemTotal: 1243.03515625
2022-02-07 10:59:30.149 INFO misc - return_pickled_object: Returning sunburst.pickle from pickled file.	MemTotal: 1243.03515625
2022-02-07 10:59:30.163 INFO misc - return_pickled_object: Returning atlas_with_slider_frontal_False.pickle from pickled file.	MemTotal: 1243.03515625
2022-02-07 10:59:30.177 INFO misc - return_pickled_object: Returning _None.pickle from pickled file.	MemTotal: 1243.03515625
2022-02-07 10:59:33.311 INFO index - render_page_content: Page/3D-explorationhas been selected	MemTotal: 1243.03515625
2022-02-07 10:59:33.311 INFO misc - return_pickled_object: treemaps.pickle could not be found or force_update is True. Computing the object and pickling it now.
2022-02-07 10:59:33.338 INFO misc - return_pickled_object: treemaps.pickle being returned now from computation.
[2022-02-07 13:06:38 +0100] [74586] [INFO] Handling signal: hup
[2022-02-07 13:06:38 +0100] [74586] [INFO] Hang up: Master
[2022-02-07 13:06:38 +0100] [84273] [INFO] Booting worker with pid: 84273
[2022-02-07 13:06:38 +0100] [84274] [INFO] Booting worker with pid: 84274
[2022-02-07 13:06:38 +0100] [74586] [WARNING] Worker with pid 74588 was terminated due to signal 1
2022-02-07 13:06:38.414 INFO main - <module>: Starting import chain	MemTotal: 53.87890625

*** FATAL CONFIG FILE ERROR (Redis 6.2.6) ***
Reading the configuration file, at line 993
>>> 'allkeys-lru'
Bad directive or wrong number of arguments
[2022-02-07 13:06:38 +0100] [74586] [WARNING] Worker with pid 74587 was terminated due to signal 1
2022-02-07 13:06:38.421 INFO main - <module>: Starting import chain	MemTotal: 53.87890625

*** FATAL CONFIG FILE ERROR (Redis 6.2.6) ***
Reading the configuration file, at line 993
>>> 'allkeys-lru'
Bad directive or wrong number of arguments
2022-02-07 13:06:39.669 INFO app - <module>: Memory use before any global variable declaration	MemTotal: 169.4921875
2022-02-07 13:06:39.669 INFO maldi_data - __init__: Initializing MaldiData object	MemTotal: 169.4921875
2022-02-07 13:06:39.674 INFO app - <module>: Memory use before any global variable declaration	MemTotal: 169.5078125
2022-02-07 13:06:39.675 INFO maldi_data - __init__: Initializing MaldiData object	MemTotal: 169.5078125
2022-02-07 13:06:39.757 INFO atlas - __init__: Initializing Atlas object	MemTotal: 206.51171875
2022-02-07 13:06:39.757 INFO atlas - __init__: Initializing Atlas object	MemTotal: 206.5234375
2022-02-07 13:06:40.094 INFO misc - return_pickled_object: Returning dic_acronym_children_id.pickle from pickled file.	MemTotal: 502.765625
2022-02-07 13:06:40.094 INFO misc - return_pickled_object: Returning dic_acronym_children_id.pickle from pickled file.	MemTotal: 502.77734375
2022-02-07 13:06:40.896 INFO misc - return_pickled_object: Returning hierarchy.pickle from pickled file.	MemTotal: 943.9375
2022-02-07 13:06:40.897 INFO misc - return_pickled_object: Returning arrays_projection_corrected_True_True.pickle from pickled file.	MemTotal: 944.05078125
2022-02-07 13:06:40.921 INFO misc - return_pickled_object: Returning hierarchy.pickle from pickled file.	MemTotal: 943.92578125
2022-02-07 13:06:40.922 INFO misc - return_pickled_object: Returning arrays_projection_corrected_True_True.pickle from pickled file.	MemTotal: 944.0390625
2022-02-07 13:06:41.072 INFO misc - return_pickled_object: Returning dic_mask_images.pickle from pickled file.	MemTotal: 1091.10546875
2022-02-07 13:06:41.076 INFO figures - __init__: Initializing Figures object	MemTotal: 1091.203125
2022-02-07 13:06:41.076 INFO misc - return_pickled_object: Returning dic_fig_contours.pickle from pickled file.	MemTotal: 1091.203125
2022-02-07 13:06:41.115 INFO misc - return_pickled_object: Returning dic_mask_images.pickle from pickled file.	MemTotal: 1091.09375
2022-02-07 13:06:41.120 INFO figures - __init__: Initializing Figures object	MemTotal: 1091.19140625
2022-02-07 13:06:41.120 INFO misc - return_pickled_object: Returning dic_fig_contours.pickle from pickled file.	MemTotal: 1091.19140625
2022-02-07 13:06:41.796 INFO app - <module>: Memory use after three main object have been instantiated	MemTotal: 1128.0625
2022-02-07 13:06:41.804 INFO app - <module>: Memory use after three main object have been instantiated	MemTotal: 1127.9609375
2022-02-07 13:06:41.815 INFO misc - return_pickled_object: Returning figure_basic_image_warped_data_1_False.pickle from pickled file.	MemTotal: 1128.83203125
2022-02-07 13:06:41.822 INFO misc - return_pickled_object: Returning figure_basic_image_warped_data_1_False.pickle from pickled file.	MemTotal: 1128.76171875
2022-02-07 13:06:43.136 INFO misc - convert_image_to_base64: png mode selected, quality argument is not supported
2022-02-07 13:06:43.238 INFO misc - return_pickled_object: Returning set_masks_0.pickle from pickled file.	MemTotal: 1172.6171875
2022-02-07 13:06:43.239 INFO misc - return_pickled_object: Returning figure_basic_image_projection_corrected_0_False_True.pickle from pickled file.	MemTotal: 1172.6171875
2022-02-07 13:06:43.244 INFO misc - convert_image_to_base64: png mode selected, quality argument is not supported
2022-02-07 13:06:43.250 INFO misc - return_pickled_object: treemaps.pickle could not be found or force_update is True. Computing the object and pickling it now.
2022-02-07 13:06:43.299 INFO misc - return_pickled_object: treemaps.pickle being returned now from computation.
2022-02-07 13:06:43.300 INFO misc - return_pickled_object: Returning sunburst.pickle from pickled file.	MemTotal: 1174.296875
2022-02-07 13:06:43.313 INFO misc - return_pickled_object: Returning atlas_with_slider_frontal_False.pickle from pickled file.	MemTotal: 1174.48046875
2022-02-07 13:06:43.332 INFO misc - return_pickled_object: Returning _None.pickle from pickled file.	MemTotal: 1174.96484375
2022-02-07 13:06:43.354 INFO misc - return_pickled_object: Returning set_masks_0.pickle from pickled file.	MemTotal: 1172.55078125
2022-02-07 13:06:43.354 INFO misc - return_pickled_object: Returning figure_basic_image_projection_corrected_0_False_True.pickle from pickled file.	MemTotal: 1172.55078125
2022-02-07 13:06:43.367 INFO misc - return_pickled_object: treemaps.pickle could not be found or force_update is True. Computing the object and pickling it now.
2022-02-07 13:06:43.417 INFO misc - return_pickled_object: treemaps.pickle being returned now from computation.
2022-02-07 13:06:43.419 INFO misc - return_pickled_object: Returning sunburst.pickle from pickled file.	MemTotal: 1174.015625
2022-02-07 13:06:43.433 INFO misc - return_pickled_object: Returning atlas_with_slider_frontal_False.pickle from pickled file.	MemTotal: 1174.42578125
2022-02-07 13:06:43.453 INFO misc - return_pickled_object: Returning _None.pickle from pickled file.	MemTotal: 1174.65234375
2022-02-07 14:20:34.967 INFO index - render_page_content: Page/has been selected	MemTotal: 1175.4765625
2022-02-07 14:20:51.098 INFO index - render_page_content: Page/load-slicehas been selected	MemTotal: 1176.2890625
2022-02-07 14:20:51.099 INFO misc - return_pickled_object: Returning figure_basic_image_warped_data_1_False.pickle from pickled file.	MemTotal: 1176.2890625
2022-02-07 14:20:51.211 INFO load_slice - tab_1_load_image: Slider changed to value 1
2022-02-07 14:20:57.192 INFO load_slice - tab_1_load_image: Slider changed to value 3
2022-02-07 14:20:57.193 INFO misc - return_pickled_object: Returning figure_basic_image_warped_data_2_False.pickle from pickled file.	MemTotal: 1175.515625
2022-02-07 14:20:57.687 INFO load_slice - tab_1_load_image: Slider changed to value 6
2022-02-07 14:20:57.688 INFO misc - return_pickled_object: Returning figure_basic_image_warped_data_5_False.pickle from pickled file.	MemTotal: 1175.609375
2022-02-07 14:20:58.350 INFO load_slice - tab_1_load_image: Slider changed to value 8
2022-02-07 14:20:58.350 INFO misc - return_pickled_object: Returning figure_basic_image_warped_data_7_False.pickle from pickled file.	MemTotal: 1175.7734375
2022-02-07 14:20:58.943 INFO load_slice - tab_1_load_image: Slider changed to value 11
2022-02-07 14:20:58.944 INFO misc - return_pickled_object: Returning figure_basic_image_warped_data_10_False.pickle from pickled file.	MemTotal: 1175.7734375
2022-02-07 14:20:59.518 INFO load_slice - tab_1_load_image: Slider changed to value 15
2022-02-07 14:20:59.518 INFO misc - return_pickled_object: Returning figure_basic_image_warped_data_14_False.pickle from pickled file.	MemTotal: 1175.7734375
2022-02-07 14:21:01.237 INFO load_slice - tab_1_load_image: Slider changed to value 20
2022-02-07 14:21:01.238 INFO misc - return_pickled_object: Returning figure_basic_image_warped_data_19_False.pickle from pickled file.	MemTotal: 1175.97265625
2022-02-07 14:21:01.785 INFO load_slice - tab_1_load_image: Slider changed to value 23
2022-02-07 14:21:01.785 INFO misc - return_pickled_object: Returning figure_basic_image_warped_data_22_False.pickle from pickled file.	MemTotal: 1175.97265625
2022-02-07 14:21:04.487 INFO load_slice - tab_1_load_image: Slider changed to value 23
2022-02-07 14:21:04.487 INFO misc - return_pickled_object: Returning figure_basic_image_projection_corrected_22_False.pickle from pickled file.	MemTotal: 1176.2265625
2022-02-07 14:21:05.247 INFO load_slice - tab_1_load_image: Slider changed to value 23
2022-02-07 14:21:05.247 INFO misc - return_pickled_object: Returning figure_basic_image_atlas_22_False.pickle from pickled file.	MemTotal: 1176.2265625
2022-02-07 14:21:08.426 INFO load_slice - tab_1_load_image: Slider changed to value 25
2022-02-07 14:21:08.426 INFO misc - return_pickled_object: Returning figure_basic_image_atlas_24_False.pickle from pickled file.	MemTotal: 1176.2265625
2022-02-07 14:21:08.909 INFO load_slice - tab_1_load_image: Slider changed to value 29
2022-02-07 14:21:08.910 INFO misc - return_pickled_object: Returning figure_basic_image_atlas_28_False.pickle from pickled file.	MemTotal: 1176.2265625
2022-02-07 14:21:10.056 INFO load_slice - tab_1_load_image: Slider changed to value 16
2022-02-07 14:21:10.056 INFO misc - return_pickled_object: Returning figure_basic_image_atlas_15_False.pickle from pickled file.	MemTotal: 1176.2265625
2022-02-07 14:21:10.535 INFO load_slice - tab_1_load_image: Slider changed to value 12
2022-02-07 14:21:10.536 INFO misc - return_pickled_object: Returning figure_basic_image_atlas_11_False.pickle from pickled file.	MemTotal: 1176.2265625
2022-02-07 14:21:12.858 INFO index - render_page_content: Page/lipid-selectionhas been selected	MemTotal: 1176.43359375
2022-02-07 14:21:14.120 INFO misc - convert_image_to_base64: png mode selected, quality argument is not supported
2022-02-07 14:21:15.310 INFO lipid_selection - page_2_plot_graph_heatmap_mz_selection: Entering function to plot heatmap or RGB depending on lipid selection
2022-02-07 14:21:18.128 INFO lipid_selection - page_2_plot_graph_heatmap_mz_selection: Entering function to plot heatmap or RGB depending on lipid selection
2022-02-07 14:21:20.660 INFO misc - convert_image_to_base64: png mode selected, quality argument is not supported
2022-02-07 14:21:33.086 WARNING lipid_selection - page_2_add_toast_selection: No lipid annotation exist
2022-02-07 14:21:44.689 WARNING lipid_selection - page_2_add_toast_selection: No lipid annotation exist
2022-02-07 14:21:48.539 INFO lipid_selection - page_2_plot_graph_heatmap_mz_selection: Entering function to plot heatmap or RGB depending on lipid selection
2022-02-07 14:21:48.834 INFO misc - convert_image_to_base64: png mode selected, quality argument is not supported
2022-02-07 14:21:58.594 WARNING lipid_selection - page_2_add_toast_selection: No lipid annotation exist
2022-02-07 14:22:01.086 INFO lipid_selection - page_2_plot_graph_heatmap_mz_selection: Entering function to plot heatmap or RGB depending on lipid selection
2022-02-07 14:22:02.132 INFO misc - convert_image_to_base64: png mode selected, quality argument is not supported

*** FATAL CONFIG FILE ERROR (Redis 6.2.6) ***
Reading the configuration file, at line 993
>>> 'allkeys-lru'
Bad directive or wrong number of arguments
